platform :  Darwin
dt :  2018-04-15 18:00:59
zmq context created
zmq socket created
Connect succeeded
..........................................................................................................................................................
sending to ZeroMQ
latest values for UK :  {'dt': '2018-04-15 18:00:59', 'peer': 28, 'gkgrecordid': '20180415160000-1450', 'sqldate': 20180415, 'ActionGeo_CountryCode': 'UK', 'AvgTone': -1.94805194805195}
data sent
latest values for SZ :  {'dt': '2018-04-15 18:00:59', 'peer': 27, 'gkgrecordid': '20180415160000-310', 'sqldate': 20180415, 'ActionGeo_CountryCode': 'SZ', 'AvgTone': 3.3039647577092497}
data sent
latest values for IT :  {'dt': '2018-04-15 18:00:59', 'peer': 14, 'gkgrecordid': '20180415160000-1420', 'sqldate': 20180415, 'ActionGeo_CountryCode': 'IT', 'AvgTone': -0.22471910112359503}
data sent
latest values for GR :  {'dt': '2018-04-15 18:00:59', 'peer': 11, 'gkgrecordid': '20180415160000-1355', 'sqldate': 20180415, 'ActionGeo_CountryCode': 'GR', 'AvgTone': 2.67857142857143}
data sent
latest values for EI :  {'dt': '2018-04-15 18:00:59', 'peer': 5, 'gkgrecordid': '20180415160000-1275', 'sqldate': 20180415, 'ActionGeo_CountryCode': 'EI', 'AvgTone': 3.82775119617225}
data sent
latest values for PL :  {'dt': '2018-04-15 18:00:59', 'peer': 21, 'gkgrecordid': '20180415160000-1048', 'sqldate': 20180415, 'ActionGeo_CountryCode': 'PL', 'AvgTone': -5.140186915887849}
data sent
latest values for FR :  {'dt': '2018-04-15 18:00:59', 'peer': 9, 'gkgrecordid': '20180415160000-1227', 'sqldate': 20180415, 'ActionGeo_CountryCode': 'FR', 'AvgTone': 0.0}
data sent
latest values for AU :  {'dt': '2018-04-15 18:00:59', 'peer': 1, 'gkgrecordid': '20180415160000-556', 'sqldate': 20180415, 'ActionGeo_CountryCode': 'AU', 'AvgTone': -1.01759391345697}
data sent
latest values for BE :  {'dt': '2018-04-15 18:00:59', 'peer': 2, 'gkgrecordid': '20180415160000-1219', 'sqldate': 20180415, 'ActionGeo_CountryCode': 'BE', 'AvgTone': 2.99145299145299}
data sent
latest values for SW :  {'dt': '2018-04-15 18:00:59', 'peer': 26, 'gkgrecordid': '20180415160000-281', 'sqldate': 20180415, 'ActionGeo_CountryCode': 'SW', 'AvgTone': -3.6269430051813503}
data sent
latest values for NL :  {'dt': '2018-04-15 18:00:59', 'peer': 20, 'gkgrecordid': '20180415160000-1424', 'sqldate': 20180415, 'ActionGeo_CountryCode': 'NL', 'AvgTone': 1.9927536231884098}
data sent
latest values for PO :  {'dt': '2018-04-15 18:00:59', 'peer': 22, 'gkgrecordid': '20180415160000-548', 'sqldate': 20180415, 'ActionGeo_CountryCode': 'PO', 'AvgTone': 7.428571428571429}
data sent
latest values for GM :  {'dt': '2018-04-15 18:00:59', 'peer': 10, 'gkgrecordid': '20180415160000-603', 'sqldate': 20180415, 'ActionGeo_CountryCode': 'GM', 'AvgTone': -0.9852216748768471}
data sent
latest values for SP :  {'dt': '2018-04-15 18:00:59', 'peer': 25, 'gkgrecordid': '20180415160000-1251', 'sqldate': 20180415, 'ActionGeo_CountryCode': 'SP', 'AvgTone': -4.65753424657534}
data sent
latest values for HU :  {'dt': '2018-04-15 18:00:59', 'peer': 13, 'gkgrecordid': '20180415160000-878', 'sqldate': 20180415, 'ActionGeo_CountryCode': 'HU', 'AvgTone': 2.6578073089701}
data sent
latest values for MT :  {'dt': '2018-04-15 18:00:59', 'peer': 19, 'gkgrecordid': '20180415160000-1285', 'sqldate': 20180415, 'ActionGeo_CountryCode': 'MT', 'AvgTone': 0.0}
data sent
latest values for EZ :  {'dt': '2018-04-15 18:00:59', 'peer': 7, 'gkgrecordid': '20180415160000-1431', 'sqldate': 20180415, 'ActionGeo_CountryCode': 'EZ', 'AvgTone': -1.16014312045972}
data sent
waiting before closing socket
wait completed
disconnected from ZeroMQ
completed
