MockGdeltDevice (2018-03-28 - jeromq4/gdeltv2)
sensorAgentDescription : dev#2:1
sensorDescription : SensorA
peerTimeoutMs : 720000
gdeltSelectedSubscribePort : 5555
possibleStatesSampleSize : 27
numberPossibleStates : 9

--- Warmup ---
sql : WITH w_data AS (SELECT * FROM gdeltv2 WHERE peer = 2 ORDER BY gkgrecordid DESC LIMIT 27) SELECT * FROM w_data ORDER BY gkgrecordid ASC
Connected to database
138 20180327 0 2 20180327161500-2023 2018-03-27 18:48:52 BE 2.33463035019455 
411 20180327 0 2 20180327164500-1732 2018-03-27 18:50:29 BE 3.98550724637681 
Disconnected from database
Records processed during warmup : 2
Queue size : 2
dataQueue.size for initial possible states : 2
dataQueue.size : 2

--- Connecting to Gateway ---
connecting to gateway tcp://localhost:3427...ok
peerAddressRequestMessageJson : {"timeStamp":"2018-03-28 06:47:24","MessageType":"PeerAddressRequest","srcSensorAgent":{"Host":"dev#2","Port":1},"targetSensorAgent":{"Host":"*","Port":0},"targetSensor":{"sensorType":"*","SensorName":"*"}}
sending address request to gateway...ok

waiting for response...ok
incomingMessage : {"peerId":12,"peerFinger":"localhost:56688","timeStamp":"2018-03-28 06:47:25","MessageType":"PeerAddress","srcSensorAgent":{"Host":"localhost","Port":3427},"targetSensorAgent":{"Host":"*","Port":0},"targetSensor":{"sensorType":"*","SensorName":"*"}}
disconnecting...ok
guiMessage : MessageType:PeerAddress|srcSensorAgent:localhost:3427|targetSensorAgent:*:0|targetSensor:*
mtype : PeerAddress

*** Successfully bound with peer 12 (localhost:56688) ***
peerId : 12
peerFinger : localhost:56688

--- Connecting to Peer ---
peerConnectString : tcp://localhost:56688
Connected
sending  'TimeoutMs' message to peer...ok
waiting for response...ok
peer responded with OK ('TimeoutMs')
Timeout sent, set to 720000

### CONNECTED WITH PEER ###
Aggregation has not yet started
aggregationStarted = false

--- Listening to new selected states ---
gdeltConnectString : tcp://127.0.0.1:5555

Msg 1 : {'dt': '2018-03-28 06:51:38', 'peer': 2, 'gkgrecordid': '20180328044500-2290', 'sqldate': 20180328, 'ActionGeo_CountryCode': 'BE', 'AvgTone': 2.4390243902438997}
AvgTone : 2.439024
queueSize : 3
lastValueInQueue : 2.439024
Queue still warmimg up, waiting to compute possible states: 3 / 27
