MockGdeltDevice (2018-03-28 - jeromq4/gdeltv2)
sensorAgentDescription : dev#3:1
sensorDescription : SensorA
peerTimeoutMs : 720000
gdeltSelectedSubscribePort : 5555
possibleStatesSampleSize : 27
numberPossibleStates : 9

--- Warmup ---
sql : WITH w_data AS (SELECT * FROM gdeltv2 WHERE peer = 3 ORDER BY gkgrecordid DESC LIMIT 27) SELECT * FROM w_data ORDER BY gkgrecordid ASC
Connected to database
266 20180327 0 3 20180327161500-679 2018-03-27 18:48:52 BU 0.6906077348066301 
Disconnected from database
Records processed during warmup : 1
Queue size : 1
dataQueue.size for initial possible states : 1
dataQueue.size : 1

--- Connecting to Gateway ---
connecting to gateway tcp://localhost:3427...ok
peerAddressRequestMessageJson : {"timeStamp":"2018-03-28 06:47:25","MessageType":"PeerAddressRequest","srcSensorAgent":{"Host":"dev#3","Port":1},"targetSensorAgent":{"Host":"*","Port":0},"targetSensor":{"sensorType":"*","SensorName":"*"}}
sending address request to gateway...ok

waiting for response...ok
incomingMessage : {"peerId":13,"peerFinger":"localhost:51975","timeStamp":"2018-03-28 06:47:25","MessageType":"PeerAddress","srcSensorAgent":{"Host":"localhost","Port":3427},"targetSensorAgent":{"Host":"*","Port":0},"targetSensor":{"sensorType":"*","SensorName":"*"}}
disconnecting...ok
guiMessage : MessageType:PeerAddress|srcSensorAgent:localhost:3427|targetSensorAgent:*:0|targetSensor:*
mtype : PeerAddress

*** Successfully bound with peer 13 (localhost:51975) ***
peerId : 13
peerFinger : localhost:51975

--- Connecting to Peer ---
peerConnectString : tcp://localhost:51975
Connected
sending  'TimeoutMs' message to peer...ok
waiting for response...ok
peer responded with OK ('TimeoutMs')
Timeout sent, set to 720000

### CONNECTED WITH PEER ###
Aggregation has not yet started
aggregationStarted = false

--- Listening to new selected states ---
gdeltConnectString : tcp://127.0.0.1:5555

Msg 1 : {'dt': '2018-03-28 06:56:07', 'peer': 3, 'gkgrecordid': '20180328050000-1349', 'sqldate': 20180328, 'ActionGeo_CountryCode': 'BU', 'AvgTone': 0.32258064516129}
AvgTone : 0.322581
queueSize : 2
lastValueInQueue : 0.322581
Queue still warmimg up, waiting to compute possible states: 2 / 27
