MockGdeltDevice (2018-03-18)
sensorAgentDescription : dev#4:1
sensorDescription : SensorA
peerTimeoutMs : 720000
gdeltSelectedSubscribePort : 5555
possibleStatesSampleSize : 27
numberPossibleStates : 9

--- Warmup ---
sql : WITH w_data AS (SELECT * FROM gdelt_test WHERE peer = 4 ORDER BY globaleventid DESC LIMIT 27) SELECT * FROM w_data ORDER BY globaleventid ASC
Connected to database
24532 20180318 0 4 7709 2018-03-18 09:58:40 CY -7.0 
24560 20180318 0 4 7737 2018-03-18 09:58:40 CY 1.0 
24588 20180318 0 4 7765 2018-03-18 09:58:40 CY 0.0 
24604 20180318 0 4 7782 2018-03-18 09:59:49 CY 10.0 
24632 20180318 0 4 7810 2018-03-18 09:59:49 CY 8.0 
24660 20180318 0 4 7838 2018-03-18 09:59:49 CY 6.0 
24688 20180318 0 4 7866 2018-03-18 09:59:49 CY 3.0 
24704 20180318 0 4 7883 2018-03-18 10:00:57 CY -7.0 
24732 20180318 0 4 7911 2018-03-18 10:00:57 CY -6.0 
24760 20180318 0 4 7939 2018-03-18 10:00:57 CY 1.0 
24788 20180318 0 4 7967 2018-03-18 10:00:57 CY 10.0 
24804 20180318 0 4 7984 2018-03-18 10:02:05 CY 3.0 
24832 20180318 0 4 8012 2018-03-18 10:02:05 CY 9.0 
24860 20180318 0 4 8040 2018-03-18 10:02:05 CY -10.0 
24888 20180318 0 4 8068 2018-03-18 10:02:05 CY -3.0 
24904 20180318 0 4 8085 2018-03-18 10:03:14 CY -1.0 
24932 20180318 0 4 8113 2018-03-18 10:03:14 CY 0.0 
24960 20180318 0 4 8141 2018-03-18 10:03:14 CY 8.0 
24988 20180318 0 4 8169 2018-03-18 10:03:14 CY 4.0 
25004 20180318 0 4 8186 2018-03-18 10:04:22 CY -7.0 
25032 20180318 0 4 8214 2018-03-18 10:04:22 CY -9.0 
25060 20180318 0 4 8242 2018-03-18 10:04:22 CY 1.0 
25088 20180318 0 4 8270 2018-03-18 10:04:22 CY -4.0 
25104 20180318 0 4 8287 2018-03-18 10:05:30 CY -1.0 
25132 20180318 0 4 8315 2018-03-18 10:05:30 CY -8.0 
25160 20180318 0 4 8343 2018-03-18 10:05:30 CY 4.0 
25188 20180318 0 4 8371 2018-03-18 10:05:30 CY -10.0 
Disconnected from database
Records processed during warmup : 27
Queue size : 27
dataQueue.size for initial possible states : 27
dataQueue.size() : 27
--- computePossibleStates ---
min : -10.000000
max : 10.000000
--- convertStates ---
numberPossibleStates : 9
initial possibleStates : [SensorState: stateID=0({x.1=-10.0}), SensorState: stateID=1({x.1=-7.5}), SensorState: stateID=2({x.1=-5.0}), SensorState: stateID=3({x.1=-2.5}), SensorState: stateID=4({x.1=0.0}), SensorState: stateID=5({x.1=2.5}), SensorState: stateID=6({x.1=5.0}), SensorState: stateID=7({x.1=7.5}), SensorState: stateID=8({x.1=10.0})]
dataQueue.size() : 27
lastValueInQueue : -10.000000
--- computeSelectedState ---
selectedStateValue : -10.000000
numPossibleStates : 9
selectedState : SensorState: stateID=0({x.1=-10.0})
initial selectedState : SensorState: stateID=0({x.1=-10.0})
Data queue cleared

--- Connecting to Gateway ---
connecting to gateway tcp://localhost:3427...ok
peerAddressRequestMessageJson : {"timeStamp":"2018-03-18 10:06:21","MessageType":"PeerAddressRequest","srcSensorAgent":{"Host":"dev#4","Port":1},"targetSensorAgent":{"Host":"*","Port":0},"targetSensor":{"sensorType":"*","SensorName":"*"}}
sending address request to gateway...ok

waiting for response...ok
incomingMessage : {"peerId":14,"peerFinger":"localhost:49170","timeStamp":"2018-03-18 10:06:21","MessageType":"PeerAddress","srcSensorAgent":{"Host":"localhost","Port":3427},"targetSensorAgent":{"Host":"*","Port":0},"targetSensor":{"sensorType":"*","SensorName":"*"}}
disconnecting...ok
guiMessage : MessageType:PeerAddress|srcSensorAgent:localhost:3427|targetSensorAgent:*:0|targetSensor:*
mtype : PeerAddress

*** Successfully bound with peer 14 (localhost:49170) ***
peerId : 14
peerFinger : localhost:49170

--- Connecting to Peer ---
peerConnectString : tcp://localhost:49170
Connected
sending  'TimeoutMs' message to peer...ok
waiting for response...ok
peer responded with OK ('TimeoutMs')
Timeout sent, set to 720000

### CONNECTED WITH PEER ###

--- startAggregation ---
sending  'Possible States' message to peer...ok
waiting for response...ok
peer responded with OK ('Possible States')
Possible states sent
sending  'Selected State' message to peer...ok
waiting for response...ok
peer responded with OK ('Selected State')
Selected state sent
sending  'Start Aggregation' message to peer...ok
waiting for response...ok
peer responded with OK ('Start Aggregation')
Aggregation start sent

### AGGREGATION STARTED ###
Initial start aggregation sent
aggregationStarted = true

--- Listening to new selected states ---
gdeletConnectString : tcp://127.0.0.1:5555

Msg 1 : {'dt': '2018-03-18 10:06:38', 'peer': 4, 'globaleventid': 8472, 'sqldate': '20180318', 'ActionGeo_CountryCode': 'CY', 'AvgTone': 6.0}
AvgTone : 6.000000
queueSize : 1
lastValueInQueue : 6.000000
--- computeSelectedState ---
selectedStateValue : 6.000000
numPossibleStates : 9
selectedState : SensorState: stateID=6({x.1=5.0})
new selectedState : SensorState: stateID=6({x.1=5.0})
sending  'Selected State' message to peer...ok
waiting for response...ok
peer responded with OK ('Selected State')
New selected state sent

Msg 2 : {'dt': '2018-03-18 10:07:47', 'peer': 4, 'globaleventid': 8573, 'sqldate': '20180318', 'ActionGeo_CountryCode': 'CY', 'AvgTone': -9.0}
AvgTone : -9.000000
queueSize : 2
lastValueInQueue : -9.000000
--- computeSelectedState ---
selectedStateValue : -9.000000
numPossibleStates : 9
selectedState : SensorState: stateID=0({x.1=-10.0})
new selectedState : SensorState: stateID=0({x.1=-10.0})
sending  'Selected State' message to peer...ok
waiting for response...ok
peer responded with OK ('Selected State')
New selected state sent

Msg 3 : {'dt': '2018-03-18 10:08:56', 'peer': 4, 'globaleventid': 8674, 'sqldate': '20180318', 'ActionGeo_CountryCode': 'CY', 'AvgTone': 2.0}
AvgTone : 2.000000
queueSize : 3
lastValueInQueue : 2.000000
--- computeSelectedState ---
selectedStateValue : 2.000000
numPossibleStates : 9
selectedState : SensorState: stateID=5({x.1=2.5})
new selectedState : SensorState: stateID=5({x.1=2.5})
sending  'Selected State' message to peer...ok
waiting for response...ok
peer responded with OK ('Selected State')
New selected state sent

Msg 4 : {'dt': '2018-03-18 10:10:04', 'peer': 4, 'globaleventid': 8775, 'sqldate': '20180318', 'ActionGeo_CountryCode': 'CY', 'AvgTone': 0.0}
AvgTone : 0.000000
queueSize : 4
lastValueInQueue : 0.000000
--- computeSelectedState ---
selectedStateValue : 0.000000
numPossibleStates : 9
selectedState : SensorState: stateID=4({x.1=0.0})
new selectedState : SensorState: stateID=4({x.1=0.0})
sending  'Selected State' message to peer...ok
waiting for response...ok
peer responded with OK ('Selected State')
New selected state sent

Msg 5 : {'dt': '2018-03-18 10:11:12', 'peer': 4, 'globaleventid': 8876, 'sqldate': '20180318', 'ActionGeo_CountryCode': 'CY', 'AvgTone': -3.0}
AvgTone : -3.000000
queueSize : 5
lastValueInQueue : -3.000000
--- computeSelectedState ---
selectedStateValue : -3.000000
numPossibleStates : 9
selectedState : SensorState: stateID=3({x.1=-2.5})
new selectedState : SensorState: stateID=3({x.1=-2.5})
sending  'Selected State' message to peer...ok
waiting for response...ok
peer responded with OK ('Selected State')
New selected state sent

Msg 6 : {'dt': '2018-03-18 10:12:20', 'peer': 4, 'globaleventid': 8977, 'sqldate': '20180318', 'ActionGeo_CountryCode': 'CY', 'AvgTone': -6.0}
AvgTone : -6.000000
queueSize : 6
lastValueInQueue : -6.000000
--- computeSelectedState ---
selectedStateValue : -6.000000
numPossibleStates : 9
selectedState : SensorState: stateID=2({x.1=-5.0})
new selectedState : SensorState: stateID=2({x.1=-5.0})
sending  'Selected State' message to peer...ok
waiting for response...ok
peer responded with OK ('Selected State')
New selected state sent

Msg 7 : {'dt': '2018-03-18 10:13:29', 'peer': 4, 'globaleventid': 9078, 'sqldate': '20180318', 'ActionGeo_CountryCode': 'CY', 'AvgTone': 3.0}
AvgTone : 3.000000
queueSize : 7
lastValueInQueue : 3.000000
--- computeSelectedState ---
selectedStateValue : 3.000000
numPossibleStates : 9
selectedState : SensorState: stateID=5({x.1=2.5})
new selectedState : SensorState: stateID=5({x.1=2.5})
sending  'Selected State' message to peer...ok
waiting for response...ok
peer responded with OK ('Selected State')
New selected state sent

Msg 8 : {'dt': '2018-03-18 10:14:37', 'peer': 4, 'globaleventid': 9179, 'sqldate': '20180318', 'ActionGeo_CountryCode': 'CY', 'AvgTone': 9.0}
AvgTone : 9.000000
queueSize : 8
lastValueInQueue : 9.000000
--- computeSelectedState ---
selectedStateValue : 9.000000
numPossibleStates : 9
selectedState : SensorState: stateID=8({x.1=10.0})
new selectedState : SensorState: stateID=8({x.1=10.0})
sending  'Selected State' message to peer...ok
waiting for response...ok
peer responded with OK ('Selected State')
New selected state sent

Msg 9 : {'dt': '2018-03-18 10:15:46', 'peer': 4, 'globaleventid': 9280, 'sqldate': '20180318', 'ActionGeo_CountryCode': 'CY', 'AvgTone': -4.0}
AvgTone : -4.000000
queueSize : 9
lastValueInQueue : -4.000000
--- computeSelectedState ---
selectedStateValue : -4.000000
numPossibleStates : 9
selectedState : SensorState: stateID=2({x.1=-5.0})
new selectedState : SensorState: stateID=2({x.1=-5.0})
sending  'Selected State' message to peer...ok
waiting for response...ok
peer responded with OK ('Selected State')
New selected state sent

Msg 10 : {'dt': '2018-03-18 10:16:54', 'peer': 4, 'globaleventid': 9381, 'sqldate': '20180318', 'ActionGeo_CountryCode': 'CY', 'AvgTone': -3.0}
AvgTone : -3.000000
queueSize : 10
lastValueInQueue : -3.000000
--- computeSelectedState ---
selectedStateValue : -3.000000
numPossibleStates : 9
selectedState : SensorState: stateID=3({x.1=-2.5})
new selectedState : SensorState: stateID=3({x.1=-2.5})
sending  'Selected State' message to peer...ok
waiting for response...ok
peer responded with OK ('Selected State')
New selected state sent

Msg 11 : {'dt': '2018-03-18 10:18:02', 'peer': 4, 'globaleventid': 9482, 'sqldate': '20180318', 'ActionGeo_CountryCode': 'CY', 'AvgTone': 5.0}
AvgTone : 5.000000
queueSize : 11
lastValueInQueue : 5.000000
--- computeSelectedState ---
selectedStateValue : 5.000000
numPossibleStates : 9
selectedState : SensorState: stateID=6({x.1=5.0})
new selectedState : SensorState: stateID=6({x.1=5.0})
sending  'Selected State' message to peer...ok
waiting for response...ok
peer responded with OK ('Selected State')
New selected state sent

Msg 12 : {'dt': '2018-03-18 10:19:11', 'peer': 4, 'globaleventid': 9583, 'sqldate': '20180318', 'ActionGeo_CountryCode': 'CY', 'AvgTone': 6.0}
AvgTone : 6.000000
queueSize : 12
lastValueInQueue : 6.000000
--- computeSelectedState ---
selectedStateValue : 6.000000
numPossibleStates : 9
selectedState : SensorState: stateID=6({x.1=5.0})
new selectedState : SensorState: stateID=6({x.1=5.0})
sending  'Selected State' message to peer...ok
waiting for response...ok
peer responded with OK ('Selected State')
New selected state sent

Msg 13 : {'dt': '2018-03-18 10:20:19', 'peer': 4, 'globaleventid': 9684, 'sqldate': '20180318', 'ActionGeo_CountryCode': 'CY', 'AvgTone': -8.0}
AvgTone : -8.000000
queueSize : 13
lastValueInQueue : -8.000000
--- computeSelectedState ---
selectedStateValue : -8.000000
numPossibleStates : 9
selectedState : SensorState: stateID=1({x.1=-7.5})
new selectedState : SensorState: stateID=1({x.1=-7.5})
sending  'Selected State' message to peer...ok
waiting for response...ok
peer responded with OK ('Selected State')
New selected state sent

Msg 14 : {'dt': '2018-03-18 10:21:28', 'peer': 4, 'globaleventid': 9785, 'sqldate': '20180318', 'ActionGeo_CountryCode': 'CY', 'AvgTone': -4.0}
AvgTone : -4.000000
queueSize : 14
lastValueInQueue : -4.000000
--- computeSelectedState ---
selectedStateValue : -4.000000
numPossibleStates : 9
selectedState : SensorState: stateID=2({x.1=-5.0})
new selectedState : SensorState: stateID=2({x.1=-5.0})
sending  'Selected State' message to peer...ok
waiting for response...ok
peer responded with OK ('Selected State')
New selected state sent

Msg 15 : {'dt': '2018-03-18 10:22:36', 'peer': 4, 'globaleventid': 9886, 'sqldate': '20180318', 'ActionGeo_CountryCode': 'CY', 'AvgTone': -8.0}
AvgTone : -8.000000
queueSize : 15
lastValueInQueue : -8.000000
--- computeSelectedState ---
selectedStateValue : -8.000000
numPossibleStates : 9
selectedState : SensorState: stateID=1({x.1=-7.5})
new selectedState : SensorState: stateID=1({x.1=-7.5})
sending  'Selected State' message to peer...ok
waiting for response...ok
peer responded with OK ('Selected State')
New selected state sent

Msg 16 : {'dt': '2018-03-18 10:23:45', 'peer': 4, 'globaleventid': 9987, 'sqldate': '20180318', 'ActionGeo_CountryCode': 'CY', 'AvgTone': 5.0}
AvgTone : 5.000000
queueSize : 16
lastValueInQueue : 5.000000
--- computeSelectedState ---
selectedStateValue : 5.000000
numPossibleStates : 9
selectedState : SensorState: stateID=6({x.1=5.0})
new selectedState : SensorState: stateID=6({x.1=5.0})
sending  'Selected State' message to peer...ok
waiting for response...ok
peer responded with OK ('Selected State')
New selected state sent

Msg 17 : {'dt': '2018-03-18 10:24:53', 'peer': 4, 'globaleventid': 10088, 'sqldate': '20180318', 'ActionGeo_CountryCode': 'CY', 'AvgTone': 3.0}
AvgTone : 3.000000
queueSize : 17
lastValueInQueue : 3.000000
--- computeSelectedState ---
selectedStateValue : 3.000000
numPossibleStates : 9
selectedState : SensorState: stateID=5({x.1=2.5})
new selectedState : SensorState: stateID=5({x.1=2.5})
sending  'Selected State' message to peer...ok
waiting for response...ok
peer responded with OK ('Selected State')
New selected state sent

Msg 18 : {'dt': '2018-03-18 10:26:01', 'peer': 4, 'globaleventid': 10189, 'sqldate': '20180318', 'ActionGeo_CountryCode': 'CY', 'AvgTone': -10.0}
AvgTone : -10.000000
queueSize : 18
lastValueInQueue : -10.000000
--- computeSelectedState ---
selectedStateValue : -10.000000
numPossibleStates : 9
selectedState : SensorState: stateID=0({x.1=-10.0})
new selectedState : SensorState: stateID=0({x.1=-10.0})
sending  'Selected State' message to peer...ok
waiting for response...ok
peer responded with OK ('Selected State')
New selected state sent

Msg 19 : {'dt': '2018-03-18 10:27:10', 'peer': 4, 'globaleventid': 10290, 'sqldate': '20180318', 'ActionGeo_CountryCode': 'CY', 'AvgTone': -9.0}
AvgTone : -9.000000
queueSize : 19
lastValueInQueue : -9.000000
--- computeSelectedState ---
selectedStateValue : -9.000000
numPossibleStates : 9
selectedState : SensorState: stateID=0({x.1=-10.0})
new selectedState : SensorState: stateID=0({x.1=-10.0})
sending  'Selected State' message to peer...ok
waiting for response...ok
peer responded with OK ('Selected State')
New selected state sent

Msg 20 : {'dt': '2018-03-18 10:28:18', 'peer': 4, 'globaleventid': 10391, 'sqldate': '20180318', 'ActionGeo_CountryCode': 'CY', 'AvgTone': 10.0}
AvgTone : 10.000000
queueSize : 20
lastValueInQueue : 10.000000
--- computeSelectedState ---
selectedStateValue : 10.000000
numPossibleStates : 9
selectedState : SensorState: stateID=8({x.1=10.0})
new selectedState : SensorState: stateID=8({x.1=10.0})
sending  'Selected State' message to peer...ok
waiting for response...ok
peer responded with OK ('Selected State')
New selected state sent

Msg 21 : {'dt': '2018-03-18 10:29:27', 'peer': 4, 'globaleventid': 10492, 'sqldate': '20180318', 'ActionGeo_CountryCode': 'CY', 'AvgTone': 1.0}
AvgTone : 1.000000
queueSize : 21
lastValueInQueue : 1.000000
--- computeSelectedState ---
selectedStateValue : 1.000000
numPossibleStates : 9
selectedState : SensorState: stateID=4({x.1=0.0})
new selectedState : SensorState: stateID=4({x.1=0.0})
sending  'Selected State' message to peer...ok
waiting for response...ok
peer responded with OK ('Selected State')
New selected state sent

Msg 22 : {'dt': '2018-03-18 10:30:35', 'peer': 4, 'globaleventid': 10593, 'sqldate': '20180318', 'ActionGeo_CountryCode': 'CY', 'AvgTone': 10.0}
AvgTone : 10.000000
queueSize : 22
lastValueInQueue : 10.000000
--- computeSelectedState ---
selectedStateValue : 10.000000
numPossibleStates : 9
selectedState : SensorState: stateID=8({x.1=10.0})
new selectedState : SensorState: stateID=8({x.1=10.0})
sending  'Selected State' message to peer...ok
waiting for response...ok
peer responded with OK ('Selected State')
New selected state sent

Msg 23 : {'dt': '2018-03-18 10:31:43', 'peer': 4, 'globaleventid': 10694, 'sqldate': '20180318', 'ActionGeo_CountryCode': 'CY', 'AvgTone': -8.0}
AvgTone : -8.000000
queueSize : 23
lastValueInQueue : -8.000000
--- computeSelectedState ---
selectedStateValue : -8.000000
numPossibleStates : 9
selectedState : SensorState: stateID=1({x.1=-7.5})
new selectedState : SensorState: stateID=1({x.1=-7.5})
sending  'Selected State' message to peer...ok
waiting for response...ok
peer responded with OK ('Selected State')
New selected state sent

Msg 24 : {'dt': '2018-03-18 10:32:51', 'peer': 4, 'globaleventid': 10795, 'sqldate': '20180318', 'ActionGeo_CountryCode': 'CY', 'AvgTone': 8.0}
AvgTone : 8.000000
queueSize : 24
lastValueInQueue : 8.000000
--- computeSelectedState ---
selectedStateValue : 8.000000
numPossibleStates : 9
selectedState : SensorState: stateID=7({x.1=7.5})
new selectedState : SensorState: stateID=7({x.1=7.5})
sending  'Selected State' message to peer...ok
waiting for response...ok
peer responded with OK ('Selected State')
New selected state sent

Msg 25 : {'dt': '2018-03-18 10:33:59', 'peer': 4, 'globaleventid': 10896, 'sqldate': '20180318', 'ActionGeo_CountryCode': 'CY', 'AvgTone': -9.0}
AvgTone : -9.000000
queueSize : 25
lastValueInQueue : -9.000000
--- computeSelectedState ---
selectedStateValue : -9.000000
numPossibleStates : 9
selectedState : SensorState: stateID=0({x.1=-10.0})
new selectedState : SensorState: stateID=0({x.1=-10.0})
sending  'Selected State' message to peer...ok
waiting for response...ok
peer responded with OK ('Selected State')
New selected state sent

Msg 26 : {'dt': '2018-03-18 10:35:07', 'peer': 4, 'globaleventid': 10997, 'sqldate': '20180318', 'ActionGeo_CountryCode': 'CY', 'AvgTone': -2.0}
AvgTone : -2.000000
queueSize : 26
lastValueInQueue : -2.000000
--- computeSelectedState ---
selectedStateValue : -2.000000
numPossibleStates : 9
selectedState : SensorState: stateID=3({x.1=-2.5})
new selectedState : SensorState: stateID=3({x.1=-2.5})
sending  'Selected State' message to peer...ok
waiting for response...ok
peer responded with OK ('Selected State')
New selected state sent

Msg 27 : {'dt': '2018-03-18 10:36:16', 'peer': 4, 'globaleventid': 11098, 'sqldate': '20180318', 'ActionGeo_CountryCode': 'CY', 'AvgTone': 5.0}
AvgTone : 5.000000
queueSize : 27
lastValueInQueue : 5.000000
computing updated possible states, queue size : 27
--- computePossibleStates ---
min : -10.000000
max : 10.000000
--- convertStates ---
numberPossibleStates : 9
updated possibleStates : [SensorState: stateID=0({x.1=-10.0}), SensorState: stateID=1({x.1=-7.5}), SensorState: stateID=2({x.1=-5.0}), SensorState: stateID=3({x.1=-2.5}), SensorState: stateID=4({x.1=0.0}), SensorState: stateID=5({x.1=2.5}), SensorState: stateID=6({x.1=5.0}), SensorState: stateID=7({x.1=7.5}), SensorState: stateID=8({x.1=10.0})]
--- computeSelectedState ---
selectedStateValue : 5.000000
numPossibleStates : 9
selectedState : SensorState: stateID=6({x.1=5.0})
updated selectedState : SensorState: stateID=6({x.1=5.0})
sending  'Possible States' message to peer...ok
waiting for response...ok
peer responded with OK ('Possible States')
Possible states sent
sending  'Selected State' message to peer...ok
waiting for response...ok
peer responded with OK ('Selected State')
updated selected state sent
Data queue cleared

Msg 28 : {'dt': '2018-03-18 10:37:24', 'peer': 4, 'globaleventid': 11199, 'sqldate': '20180318', 'ActionGeo_CountryCode': 'CY', 'AvgTone': -1.0}
AvgTone : -1.000000
queueSize : 1
lastValueInQueue : -1.000000
--- computeSelectedState ---
selectedStateValue : -1.000000
numPossibleStates : 9
selectedState : SensorState: stateID=4({x.1=0.0})
new selectedState : SensorState: stateID=4({x.1=0.0})
sending  'Selected State' message to peer...ok
waiting for response...ok
peer responded with OK ('Selected State')
New selected state sent

Msg 29 : {'dt': '2018-03-18 10:38:32', 'peer': 4, 'globaleventid': 11300, 'sqldate': '20180318', 'ActionGeo_CountryCode': 'CY', 'AvgTone': 0.0}
AvgTone : 0.000000
queueSize : 2
lastValueInQueue : 0.000000
--- computeSelectedState ---
selectedStateValue : 0.000000
numPossibleStates : 9
selectedState : SensorState: stateID=4({x.1=0.0})
new selectedState : SensorState: stateID=4({x.1=0.0})
sending  'Selected State' message to peer...ok
waiting for response...ok
peer responded with OK ('Selected State')
New selected state sent

Msg 30 : {'dt': '2018-03-18 10:39:40', 'peer': 4, 'globaleventid': 11401, 'sqldate': '20180318', 'ActionGeo_CountryCode': 'CY', 'AvgTone': 5.0}
AvgTone : 5.000000
queueSize : 3
lastValueInQueue : 5.000000
--- computeSelectedState ---
selectedStateValue : 5.000000
numPossibleStates : 9
selectedState : SensorState: stateID=6({x.1=5.0})
new selectedState : SensorState: stateID=6({x.1=5.0})
sending  'Selected State' message to peer...ok
waiting for response...ok
peer responded with OK ('Selected State')
New selected state sent

Msg 31 : {'dt': '2018-03-18 10:40:48', 'peer': 4, 'globaleventid': 11502, 'sqldate': '20180318', 'ActionGeo_CountryCode': 'CY', 'AvgTone': -8.0}
AvgTone : -8.000000
queueSize : 4
lastValueInQueue : -8.000000
--- computeSelectedState ---
selectedStateValue : -8.000000
numPossibleStates : 9
selectedState : SensorState: stateID=1({x.1=-7.5})
new selectedState : SensorState: stateID=1({x.1=-7.5})
sending  'Selected State' message to peer...ok
waiting for response...ok
peer responded with OK ('Selected State')
New selected state sent

Msg 32 : {'dt': '2018-03-18 10:41:57', 'peer': 4, 'globaleventid': 11603, 'sqldate': '20180318', 'ActionGeo_CountryCode': 'CY', 'AvgTone': 1.0}
AvgTone : 1.000000
queueSize : 5
lastValueInQueue : 1.000000
--- computeSelectedState ---
selectedStateValue : 1.000000
numPossibleStates : 9
selectedState : SensorState: stateID=4({x.1=0.0})
new selectedState : SensorState: stateID=4({x.1=0.0})
sending  'Selected State' message to peer...ok
waiting for response...ok
peer responded with OK ('Selected State')
New selected state sent

Msg 33 : {'dt': '2018-03-18 10:43:05', 'peer': 4, 'globaleventid': 11704, 'sqldate': '20180318', 'ActionGeo_CountryCode': 'CY', 'AvgTone': 7.0}
AvgTone : 7.000000
queueSize : 6
lastValueInQueue : 7.000000
--- computeSelectedState ---
selectedStateValue : 7.000000
numPossibleStates : 9
selectedState : SensorState: stateID=7({x.1=7.5})
new selectedState : SensorState: stateID=7({x.1=7.5})
sending  'Selected State' message to peer...ok
waiting for response...ok
peer responded with OK ('Selected State')
New selected state sent

Msg 34 : {'dt': '2018-03-18 10:44:13', 'peer': 4, 'globaleventid': 11805, 'sqldate': '20180318', 'ActionGeo_CountryCode': 'CY', 'AvgTone': -9.0}
AvgTone : -9.000000
queueSize : 7
lastValueInQueue : -9.000000
--- computeSelectedState ---
selectedStateValue : -9.000000
numPossibleStates : 9
selectedState : SensorState: stateID=0({x.1=-10.0})
new selectedState : SensorState: stateID=0({x.1=-10.0})
sending  'Selected State' message to peer...ok
waiting for response...ok
peer responded with OK ('Selected State')
New selected state sent

Msg 35 : {'dt': '2018-03-18 10:45:21', 'peer': 4, 'globaleventid': 11906, 'sqldate': '20180318', 'ActionGeo_CountryCode': 'CY', 'AvgTone': 6.0}
AvgTone : 6.000000
queueSize : 8
lastValueInQueue : 6.000000
--- computeSelectedState ---
selectedStateValue : 6.000000
numPossibleStates : 9
selectedState : SensorState: stateID=6({x.1=5.0})
new selectedState : SensorState: stateID=6({x.1=5.0})
sending  'Selected State' message to peer...ok
waiting for response...ok
peer responded with OK ('Selected State')
New selected state sent

Msg 36 : {'dt': '2018-03-18 10:46:29', 'peer': 4, 'globaleventid': 12007, 'sqldate': '20180318', 'ActionGeo_CountryCode': 'CY', 'AvgTone': -6.0}
AvgTone : -6.000000
queueSize : 9
lastValueInQueue : -6.000000
--- computeSelectedState ---
selectedStateValue : -6.000000
numPossibleStates : 9
selectedState : SensorState: stateID=2({x.1=-5.0})
new selectedState : SensorState: stateID=2({x.1=-5.0})
sending  'Selected State' message to peer...ok
waiting for response...ok
peer responded with OK ('Selected State')
New selected state sent

Msg 37 : {'dt': '2018-03-18 10:47:37', 'peer': 4, 'globaleventid': 12108, 'sqldate': '20180318', 'ActionGeo_CountryCode': 'CY', 'AvgTone': 8.0}
AvgTone : 8.000000
queueSize : 10
lastValueInQueue : 8.000000
--- computeSelectedState ---
selectedStateValue : 8.000000
numPossibleStates : 9
selectedState : SensorState: stateID=7({x.1=7.5})
new selectedState : SensorState: stateID=7({x.1=7.5})
sending  'Selected State' message to peer...ok
waiting for response...ok
peer responded with OK ('Selected State')
New selected state sent

Msg 38 : {'dt': '2018-03-18 10:48:45', 'peer': 4, 'globaleventid': 12209, 'sqldate': '20180318', 'ActionGeo_CountryCode': 'CY', 'AvgTone': -8.0}
AvgTone : -8.000000
queueSize : 11
lastValueInQueue : -8.000000
--- computeSelectedState ---
selectedStateValue : -8.000000
numPossibleStates : 9
selectedState : SensorState: stateID=1({x.1=-7.5})
new selectedState : SensorState: stateID=1({x.1=-7.5})
sending  'Selected State' message to peer...ok
waiting for response...ok
peer responded with OK ('Selected State')
New selected state sent

Msg 39 : {'dt': '2018-03-18 10:49:53', 'peer': 4, 'globaleventid': 12310, 'sqldate': '20180318', 'ActionGeo_CountryCode': 'CY', 'AvgTone': -8.0}
AvgTone : -8.000000
queueSize : 12
lastValueInQueue : -8.000000
--- computeSelectedState ---
selectedStateValue : -8.000000
numPossibleStates : 9
selectedState : SensorState: stateID=1({x.1=-7.5})
new selectedState : SensorState: stateID=1({x.1=-7.5})
sending  'Selected State' message to peer...ok
waiting for response...ok
peer responded with OK ('Selected State')
New selected state sent

Msg 40 : {'dt': '2018-03-18 10:51:02', 'peer': 4, 'globaleventid': 12411, 'sqldate': '20180318', 'ActionGeo_CountryCode': 'CY', 'AvgTone': 9.0}
AvgTone : 9.000000
queueSize : 13
lastValueInQueue : 9.000000
--- computeSelectedState ---
selectedStateValue : 9.000000
numPossibleStates : 9
selectedState : SensorState: stateID=8({x.1=10.0})
new selectedState : SensorState: stateID=8({x.1=10.0})
sending  'Selected State' message to peer...ok
waiting for response...ok
peer responded with OK ('Selected State')
New selected state sent

Msg 41 : {'dt': '2018-03-18 10:52:10', 'peer': 4, 'globaleventid': 12512, 'sqldate': '20180318', 'ActionGeo_CountryCode': 'CY', 'AvgTone': -8.0}
AvgTone : -8.000000
queueSize : 14
lastValueInQueue : -8.000000
--- computeSelectedState ---
selectedStateValue : -8.000000
numPossibleStates : 9
selectedState : SensorState: stateID=1({x.1=-7.5})
new selectedState : SensorState: stateID=1({x.1=-7.5})
sending  'Selected State' message to peer...ok
waiting for response...ok
peer responded with OK ('Selected State')
New selected state sent

Msg 42 : {'dt': '2018-03-18 10:53:17', 'peer': 4, 'globaleventid': 12613, 'sqldate': '20180318', 'ActionGeo_CountryCode': 'CY', 'AvgTone': 10.0}
AvgTone : 10.000000
queueSize : 15
lastValueInQueue : 10.000000
--- computeSelectedState ---
selectedStateValue : 10.000000
numPossibleStates : 9
selectedState : SensorState: stateID=8({x.1=10.0})
new selectedState : SensorState: stateID=8({x.1=10.0})
sending  'Selected State' message to peer...ok
waiting for response...ok
peer responded with OK ('Selected State')
New selected state sent

Msg 43 : {'dt': '2018-03-18 10:54:25', 'peer': 4, 'globaleventid': 12714, 'sqldate': '20180318', 'ActionGeo_CountryCode': 'CY', 'AvgTone': 7.0}
AvgTone : 7.000000
queueSize : 16
lastValueInQueue : 7.000000
--- computeSelectedState ---
selectedStateValue : 7.000000
numPossibleStates : 9
selectedState : SensorState: stateID=7({x.1=7.5})
new selectedState : SensorState: stateID=7({x.1=7.5})
sending  'Selected State' message to peer...ok
waiting for response...ok
peer responded with OK ('Selected State')
New selected state sent

Msg 44 : {'dt': '2018-03-18 10:55:32', 'peer': 4, 'globaleventid': 12815, 'sqldate': '20180318', 'ActionGeo_CountryCode': 'CY', 'AvgTone': -7.0}
AvgTone : -7.000000
queueSize : 17
lastValueInQueue : -7.000000
--- computeSelectedState ---
selectedStateValue : -7.000000
numPossibleStates : 9
selectedState : SensorState: stateID=1({x.1=-7.5})
new selectedState : SensorState: stateID=1({x.1=-7.5})
sending  'Selected State' message to peer...ok
waiting for response...ok
peer responded with OK ('Selected State')
New selected state sent

Msg 45 : {'dt': '2018-03-18 10:56:41', 'peer': 4, 'globaleventid': 12916, 'sqldate': '20180318', 'ActionGeo_CountryCode': 'CY', 'AvgTone': -7.0}
AvgTone : -7.000000
queueSize : 18
lastValueInQueue : -7.000000
--- computeSelectedState ---
selectedStateValue : -7.000000
numPossibleStates : 9
selectedState : SensorState: stateID=1({x.1=-7.5})
new selectedState : SensorState: stateID=1({x.1=-7.5})
sending  'Selected State' message to peer...ok
waiting for response...ok
peer responded with OK ('Selected State')
New selected state sent

Msg 46 : {'dt': '2018-03-18 10:57:48', 'peer': 4, 'globaleventid': 13017, 'sqldate': '20180318', 'ActionGeo_CountryCode': 'CY', 'AvgTone': 6.0}
AvgTone : 6.000000
queueSize : 19
lastValueInQueue : 6.000000
--- computeSelectedState ---
selectedStateValue : 6.000000
numPossibleStates : 9
selectedState : SensorState: stateID=6({x.1=5.0})
new selectedState : SensorState: stateID=6({x.1=5.0})
sending  'Selected State' message to peer...ok
waiting for response...ok
peer responded with OK ('Selected State')
New selected state sent

Msg 47 : {'dt': '2018-03-18 10:58:56', 'peer': 4, 'globaleventid': 13118, 'sqldate': '20180318', 'ActionGeo_CountryCode': 'CY', 'AvgTone': 2.0}
AvgTone : 2.000000
queueSize : 20
lastValueInQueue : 2.000000
--- computeSelectedState ---
selectedStateValue : 2.000000
numPossibleStates : 9
selectedState : SensorState: stateID=5({x.1=2.5})
new selectedState : SensorState: stateID=5({x.1=2.5})
sending  'Selected State' message to peer...ok
waiting for response...ok
peer responded with OK ('Selected State')
New selected state sent

Msg 48 : {'dt': '2018-03-18 11:00:04', 'peer': 4, 'globaleventid': 13219, 'sqldate': '20180318', 'ActionGeo_CountryCode': 'CY', 'AvgTone': -9.0}
AvgTone : -9.000000
queueSize : 21
lastValueInQueue : -9.000000
--- computeSelectedState ---
selectedStateValue : -9.000000
numPossibleStates : 9
selectedState : SensorState: stateID=0({x.1=-10.0})
new selectedState : SensorState: stateID=0({x.1=-10.0})
sending  'Selected State' message to peer...ok
waiting for response...ok
peer responded with OK ('Selected State')
New selected state sent

Msg 49 : {'dt': '2018-03-18 11:01:12', 'peer': 4, 'globaleventid': 13320, 'sqldate': '20180318', 'ActionGeo_CountryCode': 'CY', 'AvgTone': 7.0}
AvgTone : 7.000000
queueSize : 22
lastValueInQueue : 7.000000
--- computeSelectedState ---
selectedStateValue : 7.000000
numPossibleStates : 9
selectedState : SensorState: stateID=7({x.1=7.5})
new selectedState : SensorState: stateID=7({x.1=7.5})
sending  'Selected State' message to peer...ok
waiting for response...ok
peer responded with OK ('Selected State')
New selected state sent

Msg 50 : {'dt': '2018-03-18 11:02:21', 'peer': 4, 'globaleventid': 13421, 'sqldate': '20180318', 'ActionGeo_CountryCode': 'CY', 'AvgTone': 2.0}
AvgTone : 2.000000
queueSize : 23
lastValueInQueue : 2.000000
--- computeSelectedState ---
selectedStateValue : 2.000000
numPossibleStates : 9
selectedState : SensorState: stateID=5({x.1=2.5})
new selectedState : SensorState: stateID=5({x.1=2.5})
sending  'Selected State' message to peer...ok
waiting for response...ok
peer responded with OK ('Selected State')
New selected state sent

Msg 51 : {'dt': '2018-03-18 11:03:28', 'peer': 4, 'globaleventid': 13522, 'sqldate': '20180318', 'ActionGeo_CountryCode': 'CY', 'AvgTone': 0.0}
AvgTone : 0.000000
queueSize : 24
lastValueInQueue : 0.000000
--- computeSelectedState ---
selectedStateValue : 0.000000
numPossibleStates : 9
selectedState : SensorState: stateID=4({x.1=0.0})
new selectedState : SensorState: stateID=4({x.1=0.0})
sending  'Selected State' message to peer...ok
waiting for response...ok
peer responded with OK ('Selected State')
New selected state sent

Msg 52 : {'dt': '2018-03-18 11:04:36', 'peer': 4, 'globaleventid': 13623, 'sqldate': '20180318', 'ActionGeo_CountryCode': 'CY', 'AvgTone': 3.0}
AvgTone : 3.000000
queueSize : 25
lastValueInQueue : 3.000000
--- computeSelectedState ---
selectedStateValue : 3.000000
numPossibleStates : 9
selectedState : SensorState: stateID=5({x.1=2.5})
new selectedState : SensorState: stateID=5({x.1=2.5})
sending  'Selected State' message to peer...ok
waiting for response...ok
peer responded with OK ('Selected State')
New selected state sent

Msg 53 : {'dt': '2018-03-18 11:05:43', 'peer': 4, 'globaleventid': 13724, 'sqldate': '20180318', 'ActionGeo_CountryCode': 'CY', 'AvgTone': -8.0}
AvgTone : -8.000000
queueSize : 26
lastValueInQueue : -8.000000
--- computeSelectedState ---
selectedStateValue : -8.000000
numPossibleStates : 9
selectedState : SensorState: stateID=1({x.1=-7.5})
new selectedState : SensorState: stateID=1({x.1=-7.5})
sending  'Selected State' message to peer...ok
waiting for response...ok
peer responded with OK ('Selected State')
New selected state sent

Msg 54 : {'dt': '2018-03-18 11:06:51', 'peer': 4, 'globaleventid': 13825, 'sqldate': '20180318', 'ActionGeo_CountryCode': 'CY', 'AvgTone': 3.0}
AvgTone : 3.000000
queueSize : 27
lastValueInQueue : 3.000000
computing updated possible states, queue size : 27
--- computePossibleStates ---
min : -9.000000
max : 10.000000
--- convertStates ---
numberPossibleStates : 9
updated possibleStates : [SensorState: stateID=0({x.1=-9.0}), SensorState: stateID=1({x.1=-6.625}), SensorState: stateID=2({x.1=-4.25}), SensorState: stateID=3({x.1=-1.875}), SensorState: stateID=4({x.1=0.5}), SensorState: stateID=5({x.1=2.875}), SensorState: stateID=6({x.1=5.25}), SensorState: stateID=7({x.1=7.625}), SensorState: stateID=8({x.1=10.0})]
--- computeSelectedState ---
selectedStateValue : 3.000000
numPossibleStates : 9
selectedState : SensorState: stateID=5({x.1=2.875})
updated selectedState : SensorState: stateID=5({x.1=2.875})
sending  'Possible States' message to peer...ok
waiting for response...ok
peer responded with OK ('Possible States')
Possible states sent
sending  'Selected State' message to peer...ok
waiting for response...ok
peer responded with OK ('Selected State')
updated selected state sent
Data queue cleared

Msg 55 : {'dt': '2018-03-18 11:07:58', 'peer': 4, 'globaleventid': 13926, 'sqldate': '20180318', 'ActionGeo_CountryCode': 'CY', 'AvgTone': 8.0}
AvgTone : 8.000000
queueSize : 1
lastValueInQueue : 8.000000
--- computeSelectedState ---
selectedStateValue : 8.000000
numPossibleStates : 9
selectedState : SensorState: stateID=7({x.1=7.625})
new selectedState : SensorState: stateID=7({x.1=7.625})
sending  'Selected State' message to peer...ok
waiting for response...ok
peer responded with OK ('Selected State')
New selected state sent

Msg 56 : {'dt': '2018-03-18 11:09:06', 'peer': 4, 'globaleventid': 14027, 'sqldate': '20180318', 'ActionGeo_CountryCode': 'CY', 'AvgTone': -9.0}
AvgTone : -9.000000
queueSize : 2
lastValueInQueue : -9.000000
--- computeSelectedState ---
selectedStateValue : -9.000000
numPossibleStates : 9
selectedState : SensorState: stateID=0({x.1=-9.0})
new selectedState : SensorState: stateID=0({x.1=-9.0})
sending  'Selected State' message to peer...ok
waiting for response...ok
peer responded with OK ('Selected State')
New selected state sent

Msg 57 : {'dt': '2018-03-18 11:10:14', 'peer': 4, 'globaleventid': 14128, 'sqldate': '20180318', 'ActionGeo_CountryCode': 'CY', 'AvgTone': 2.0}
AvgTone : 2.000000
queueSize : 3
lastValueInQueue : 2.000000
--- computeSelectedState ---
selectedStateValue : 2.000000
numPossibleStates : 9
selectedState : SensorState: stateID=5({x.1=2.875})
new selectedState : SensorState: stateID=5({x.1=2.875})
sending  'Selected State' message to peer...ok
waiting for response...ok
peer responded with OK ('Selected State')
New selected state sent

Msg 58 : {'dt': '2018-03-18 11:11:22', 'peer': 4, 'globaleventid': 14229, 'sqldate': '20180318', 'ActionGeo_CountryCode': 'CY', 'AvgTone': -8.0}
AvgTone : -8.000000
queueSize : 4
lastValueInQueue : -8.000000
--- computeSelectedState ---
selectedStateValue : -8.000000
numPossibleStates : 9
selectedState : SensorState: stateID=0({x.1=-9.0})
new selectedState : SensorState: stateID=0({x.1=-9.0})
sending  'Selected State' message to peer...ok
waiting for response...ok
peer responded with OK ('Selected State')
New selected state sent

Msg 59 : {'dt': '2018-03-18 11:12:30', 'peer': 4, 'globaleventid': 14330, 'sqldate': '20180318', 'ActionGeo_CountryCode': 'CY', 'AvgTone': -6.0}
AvgTone : -6.000000
queueSize : 5
lastValueInQueue : -6.000000
--- computeSelectedState ---
selectedStateValue : -6.000000
numPossibleStates : 9
selectedState : SensorState: stateID=1({x.1=-6.625})
new selectedState : SensorState: stateID=1({x.1=-6.625})
sending  'Selected State' message to peer...ok
waiting for response...ok
peer responded with OK ('Selected State')
New selected state sent

Msg 60 : {'dt': '2018-03-18 11:13:38', 'peer': 4, 'globaleventid': 14431, 'sqldate': '20180318', 'ActionGeo_CountryCode': 'CY', 'AvgTone': -1.0}
AvgTone : -1.000000
queueSize : 6
lastValueInQueue : -1.000000
--- computeSelectedState ---
selectedStateValue : -1.000000
numPossibleStates : 9
selectedState : SensorState: stateID=3({x.1=-1.875})
new selectedState : SensorState: stateID=3({x.1=-1.875})
sending  'Selected State' message to peer...ok
waiting for response...ok
peer responded with OK ('Selected State')
New selected state sent

Msg 61 : {'dt': '2018-03-18 11:14:46', 'peer': 4, 'globaleventid': 14532, 'sqldate': '20180318', 'ActionGeo_CountryCode': 'CY', 'AvgTone': -1.0}
AvgTone : -1.000000
queueSize : 7
lastValueInQueue : -1.000000
--- computeSelectedState ---
selectedStateValue : -1.000000
numPossibleStates : 9
selectedState : SensorState: stateID=3({x.1=-1.875})
new selectedState : SensorState: stateID=3({x.1=-1.875})
sending  'Selected State' message to peer...ok
waiting for response...ok
peer responded with OK ('Selected State')
New selected state sent

Msg 62 : {'dt': '2018-03-18 11:15:53', 'peer': 4, 'globaleventid': 14633, 'sqldate': '20180318', 'ActionGeo_CountryCode': 'CY', 'AvgTone': -4.0}
AvgTone : -4.000000
queueSize : 8
lastValueInQueue : -4.000000
--- computeSelectedState ---
selectedStateValue : -4.000000
numPossibleStates : 9
selectedState : SensorState: stateID=2({x.1=-4.25})
new selectedState : SensorState: stateID=2({x.1=-4.25})
sending  'Selected State' message to peer...ok
waiting for response...ok
peer responded with OK ('Selected State')
New selected state sent

Msg 63 : {'dt': '2018-03-18 11:17:01', 'peer': 4, 'globaleventid': 14734, 'sqldate': '20180318', 'ActionGeo_CountryCode': 'CY', 'AvgTone': -2.0}
AvgTone : -2.000000
queueSize : 9
lastValueInQueue : -2.000000
--- computeSelectedState ---
selectedStateValue : -2.000000
numPossibleStates : 9
selectedState : SensorState: stateID=3({x.1=-1.875})
new selectedState : SensorState: stateID=3({x.1=-1.875})
sending  'Selected State' message to peer...ok
waiting for response...ok
peer responded with OK ('Selected State')
New selected state sent

Msg 64 : {'dt': '2018-03-18 11:18:08', 'peer': 4, 'globaleventid': 14835, 'sqldate': '20180318', 'ActionGeo_CountryCode': 'CY', 'AvgTone': 7.0}
AvgTone : 7.000000
queueSize : 10
lastValueInQueue : 7.000000
--- computeSelectedState ---
selectedStateValue : 7.000000
numPossibleStates : 9
selectedState : SensorState: stateID=7({x.1=7.625})
new selectedState : SensorState: stateID=7({x.1=7.625})
sending  'Selected State' message to peer...ok
waiting for response...ok
peer responded with OK ('Selected State')
New selected state sent

Msg 65 : {'dt': '2018-03-18 11:19:16', 'peer': 4, 'globaleventid': 14936, 'sqldate': '20180318', 'ActionGeo_CountryCode': 'CY', 'AvgTone': -7.0}
AvgTone : -7.000000
queueSize : 11
lastValueInQueue : -7.000000
--- computeSelectedState ---
selectedStateValue : -7.000000
numPossibleStates : 9
selectedState : SensorState: stateID=1({x.1=-6.625})
new selectedState : SensorState: stateID=1({x.1=-6.625})
sending  'Selected State' message to peer...ok
waiting for response...ok
peer responded with OK ('Selected State')
New selected state sent

Msg 66 : {'dt': '2018-03-18 11:20:23', 'peer': 4, 'globaleventid': 15037, 'sqldate': '20180318', 'ActionGeo_CountryCode': 'CY', 'AvgTone': -10.0}
AvgTone : -10.000000
queueSize : 12
lastValueInQueue : -10.000000
--- computeSelectedState ---
selectedStateValue : -10.000000
numPossibleStates : 9
selectedState : SensorState: stateID=0({x.1=-9.0})
new selectedState : SensorState: stateID=0({x.1=-9.0})
sending  'Selected State' message to peer...ok
waiting for response...ok
peer responded with OK ('Selected State')
New selected state sent
