MockGdeltDevice (2018-03-18)
sensorAgentDescription : dev#6:1
sensorDescription : SensorA
peerTimeoutMs : 720000
gdeltSelectedSubscribePort : 5555
possibleStatesSampleSize : 27
numberPossibleStates : 9

--- Warmup ---
sql : WITH w_data AS (SELECT * FROM gdelt_test WHERE peer = 6 ORDER BY globaleventid DESC LIMIT 27) SELECT * FROM w_data ORDER BY globaleventid ASC
Connected to database
24534 20180318 0 6 7711 2018-03-18 09:58:40 EN 3.0 
24562 20180318 0 6 7739 2018-03-18 09:58:40 EN 6.0 
24590 20180318 0 6 7767 2018-03-18 09:58:40 EN -5.0 
24606 20180318 0 6 7784 2018-03-18 09:59:49 EN 7.0 
24634 20180318 0 6 7812 2018-03-18 09:59:49 EN -6.0 
24662 20180318 0 6 7840 2018-03-18 09:59:49 EN 1.0 
24690 20180318 0 6 7868 2018-03-18 09:59:49 EN 3.0 
24706 20180318 0 6 7885 2018-03-18 10:00:57 EN -5.0 
24734 20180318 0 6 7913 2018-03-18 10:00:57 EN -8.0 
24762 20180318 0 6 7941 2018-03-18 10:00:57 EN 5.0 
24790 20180318 0 6 7969 2018-03-18 10:00:57 EN 6.0 
24806 20180318 0 6 7986 2018-03-18 10:02:05 EN 8.0 
24834 20180318 0 6 8014 2018-03-18 10:02:05 EN -3.0 
24862 20180318 0 6 8042 2018-03-18 10:02:05 EN -8.0 
24890 20180318 0 6 8070 2018-03-18 10:02:05 EN -2.0 
24906 20180318 0 6 8087 2018-03-18 10:03:14 EN 3.0 
24934 20180318 0 6 8115 2018-03-18 10:03:14 EN -7.0 
24962 20180318 0 6 8143 2018-03-18 10:03:14 EN -5.0 
24990 20180318 0 6 8171 2018-03-18 10:03:14 EN 4.0 
25006 20180318 0 6 8188 2018-03-18 10:04:22 EN 9.0 
25034 20180318 0 6 8216 2018-03-18 10:04:22 EN -1.0 
25062 20180318 0 6 8244 2018-03-18 10:04:22 EN 8.0 
25090 20180318 0 6 8272 2018-03-18 10:04:22 EN -6.0 
25106 20180318 0 6 8289 2018-03-18 10:05:30 EN -4.0 
25134 20180318 0 6 8317 2018-03-18 10:05:30 EN 2.0 
25162 20180318 0 6 8345 2018-03-18 10:05:30 EN -7.0 
25190 20180318 0 6 8373 2018-03-18 10:05:30 EN -1.0 
Disconnected from database
Records processed during warmup : 27
Queue size : 27
dataQueue.size for initial possible states : 27
dataQueue.size() : 27
--- computePossibleStates ---
min : -8.000000
max : 9.000000
--- convertStates ---
numberPossibleStates : 9
initial possibleStates : [SensorState: stateID=0({x.1=-8.0}), SensorState: stateID=1({x.1=-5.875}), SensorState: stateID=2({x.1=-3.75}), SensorState: stateID=3({x.1=-1.625}), SensorState: stateID=4({x.1=0.5}), SensorState: stateID=5({x.1=2.625}), SensorState: stateID=6({x.1=4.75}), SensorState: stateID=7({x.1=6.875}), SensorState: stateID=8({x.1=9.0})]
dataQueue.size() : 27
lastValueInQueue : -1.000000
--- computeSelectedState ---
selectedStateValue : -1.000000
numPossibleStates : 9
selectedState : SensorState: stateID=3({x.1=-1.625})
initial selectedState : SensorState: stateID=3({x.1=-1.625})
Data queue cleared

--- Connecting to Gateway ---
connecting to gateway tcp://localhost:3427...ok
peerAddressRequestMessageJson : {"timeStamp":"2018-03-18 10:06:23","MessageType":"PeerAddressRequest","srcSensorAgent":{"Host":"dev#6","Port":1},"targetSensorAgent":{"Host":"*","Port":0},"targetSensor":{"sensorType":"*","SensorName":"*"}}
sending address request to gateway...ok

waiting for response...ok
incomingMessage : {"peerId":16,"peerFinger":"localhost:49174","timeStamp":"2018-03-18 10:06:23","MessageType":"PeerAddress","srcSensorAgent":{"Host":"localhost","Port":3427},"targetSensorAgent":{"Host":"*","Port":0},"targetSensor":{"sensorType":"*","SensorName":"*"}}
disconnecting...ok
guiMessage : MessageType:PeerAddress|srcSensorAgent:localhost:3427|targetSensorAgent:*:0|targetSensor:*
mtype : PeerAddress

*** Successfully bound with peer 16 (localhost:49174) ***
peerId : 16
peerFinger : localhost:49174

--- Connecting to Peer ---
peerConnectString : tcp://localhost:49174
Connected
sending  'TimeoutMs' message to peer...ok
waiting for response...ok
peer responded with OK ('TimeoutMs')
Timeout sent, set to 720000

### CONNECTED WITH PEER ###

--- startAggregation ---
sending  'Possible States' message to peer...ok
waiting for response...ok
peer responded with OK ('Possible States')
Possible states sent
sending  'Selected State' message to peer...ok
waiting for response...ok
peer responded with OK ('Selected State')
Selected state sent
sending  'Start Aggregation' message to peer...ok
waiting for response...ok
peer responded with OK ('Start Aggregation')
Aggregation start sent

### AGGREGATION STARTED ###
Initial start aggregation sent
aggregationStarted = true

--- Listening to new selected states ---
gdeletConnectString : tcp://127.0.0.1:5555

Msg 1 : {'dt': '2018-03-18 10:06:38', 'peer': 6, 'globaleventid': 8474, 'sqldate': '20180318', 'ActionGeo_CountryCode': 'EN', 'AvgTone': 7.0}
AvgTone : 7.000000
queueSize : 1
lastValueInQueue : 7.000000
--- computeSelectedState ---
selectedStateValue : 7.000000
numPossibleStates : 9
selectedState : SensorState: stateID=7({x.1=6.875})
new selectedState : SensorState: stateID=7({x.1=6.875})
sending  'Selected State' message to peer...ok
waiting for response...ok
peer responded with OK ('Selected State')
New selected state sent

Msg 2 : {'dt': '2018-03-18 10:07:47', 'peer': 6, 'globaleventid': 8575, 'sqldate': '20180318', 'ActionGeo_CountryCode': 'EN', 'AvgTone': 10.0}
AvgTone : 10.000000
queueSize : 2
lastValueInQueue : 10.000000
--- computeSelectedState ---
selectedStateValue : 10.000000
numPossibleStates : 9
selectedState : SensorState: stateID=8({x.1=9.0})
new selectedState : SensorState: stateID=8({x.1=9.0})
sending  'Selected State' message to peer...ok
waiting for response...ok
peer responded with OK ('Selected State')
New selected state sent

Msg 3 : {'dt': '2018-03-18 10:08:56', 'peer': 6, 'globaleventid': 8676, 'sqldate': '20180318', 'ActionGeo_CountryCode': 'EN', 'AvgTone': -4.0}
AvgTone : -4.000000
queueSize : 3
lastValueInQueue : -4.000000
--- computeSelectedState ---
selectedStateValue : -4.000000
numPossibleStates : 9
selectedState : SensorState: stateID=2({x.1=-3.75})
new selectedState : SensorState: stateID=2({x.1=-3.75})
sending  'Selected State' message to peer...ok
waiting for response...ok
peer responded with OK ('Selected State')
New selected state sent

Msg 4 : {'dt': '2018-03-18 10:10:04', 'peer': 6, 'globaleventid': 8777, 'sqldate': '20180318', 'ActionGeo_CountryCode': 'EN', 'AvgTone': 6.0}
AvgTone : 6.000000
queueSize : 4
lastValueInQueue : 6.000000
--- computeSelectedState ---
selectedStateValue : 6.000000
numPossibleStates : 9
selectedState : SensorState: stateID=7({x.1=6.875})
new selectedState : SensorState: stateID=7({x.1=6.875})
sending  'Selected State' message to peer...ok
waiting for response...ok
peer responded with OK ('Selected State')
New selected state sent

Msg 5 : {'dt': '2018-03-18 10:11:12', 'peer': 6, 'globaleventid': 8878, 'sqldate': '20180318', 'ActionGeo_CountryCode': 'EN', 'AvgTone': 8.0}
AvgTone : 8.000000
queueSize : 5
lastValueInQueue : 8.000000
--- computeSelectedState ---
selectedStateValue : 8.000000
numPossibleStates : 9
selectedState : SensorState: stateID=8({x.1=9.0})
new selectedState : SensorState: stateID=8({x.1=9.0})
sending  'Selected State' message to peer...ok
waiting for response...ok
peer responded with OK ('Selected State')
New selected state sent

Msg 6 : {'dt': '2018-03-18 10:12:20', 'peer': 6, 'globaleventid': 8979, 'sqldate': '20180318', 'ActionGeo_CountryCode': 'EN', 'AvgTone': -2.0}
AvgTone : -2.000000
queueSize : 6
lastValueInQueue : -2.000000
--- computeSelectedState ---
selectedStateValue : -2.000000
numPossibleStates : 9
selectedState : SensorState: stateID=3({x.1=-1.625})
new selectedState : SensorState: stateID=3({x.1=-1.625})
sending  'Selected State' message to peer...ok
waiting for response...ok
peer responded with OK ('Selected State')
New selected state sent

Msg 7 : {'dt': '2018-03-18 10:13:29', 'peer': 6, 'globaleventid': 9080, 'sqldate': '20180318', 'ActionGeo_CountryCode': 'EN', 'AvgTone': -10.0}
AvgTone : -10.000000
queueSize : 7
lastValueInQueue : -10.000000
--- computeSelectedState ---
selectedStateValue : -10.000000
numPossibleStates : 9
selectedState : SensorState: stateID=0({x.1=-8.0})
new selectedState : SensorState: stateID=0({x.1=-8.0})
sending  'Selected State' message to peer...ok
waiting for response...ok
peer responded with OK ('Selected State')
New selected state sent

Msg 8 : {'dt': '2018-03-18 10:14:37', 'peer': 6, 'globaleventid': 9181, 'sqldate': '20180318', 'ActionGeo_CountryCode': 'EN', 'AvgTone': -10.0}
AvgTone : -10.000000
queueSize : 8
lastValueInQueue : -10.000000
--- computeSelectedState ---
selectedStateValue : -10.000000
numPossibleStates : 9
selectedState : SensorState: stateID=0({x.1=-8.0})
new selectedState : SensorState: stateID=0({x.1=-8.0})
sending  'Selected State' message to peer...ok
waiting for response...ok
peer responded with OK ('Selected State')
New selected state sent

Msg 9 : {'dt': '2018-03-18 10:15:46', 'peer': 6, 'globaleventid': 9282, 'sqldate': '20180318', 'ActionGeo_CountryCode': 'EN', 'AvgTone': 1.0}
AvgTone : 1.000000
queueSize : 9
lastValueInQueue : 1.000000
--- computeSelectedState ---
selectedStateValue : 1.000000
numPossibleStates : 9
selectedState : SensorState: stateID=4({x.1=0.5})
new selectedState : SensorState: stateID=4({x.1=0.5})
sending  'Selected State' message to peer...ok
waiting for response...ok
peer responded with OK ('Selected State')
New selected state sent

Msg 10 : {'dt': '2018-03-18 10:16:54', 'peer': 6, 'globaleventid': 9383, 'sqldate': '20180318', 'ActionGeo_CountryCode': 'EN', 'AvgTone': 7.0}
AvgTone : 7.000000
queueSize : 10
lastValueInQueue : 7.000000
--- computeSelectedState ---
selectedStateValue : 7.000000
numPossibleStates : 9
selectedState : SensorState: stateID=7({x.1=6.875})
new selectedState : SensorState: stateID=7({x.1=6.875})
sending  'Selected State' message to peer...ok
waiting for response...ok
peer responded with OK ('Selected State')
New selected state sent

Msg 11 : {'dt': '2018-03-18 10:18:02', 'peer': 6, 'globaleventid': 9484, 'sqldate': '20180318', 'ActionGeo_CountryCode': 'EN', 'AvgTone': 2.0}
AvgTone : 2.000000
queueSize : 11
lastValueInQueue : 2.000000
--- computeSelectedState ---
selectedStateValue : 2.000000
numPossibleStates : 9
selectedState : SensorState: stateID=5({x.1=2.625})
new selectedState : SensorState: stateID=5({x.1=2.625})
sending  'Selected State' message to peer...ok
waiting for response...ok
peer responded with OK ('Selected State')
New selected state sent

Msg 12 : {'dt': '2018-03-18 10:19:11', 'peer': 6, 'globaleventid': 9585, 'sqldate': '20180318', 'ActionGeo_CountryCode': 'EN', 'AvgTone': 1.0}
AvgTone : 1.000000
queueSize : 12
lastValueInQueue : 1.000000
--- computeSelectedState ---
selectedStateValue : 1.000000
numPossibleStates : 9
selectedState : SensorState: stateID=4({x.1=0.5})
new selectedState : SensorState: stateID=4({x.1=0.5})
sending  'Selected State' message to peer...ok
waiting for response...ok
peer responded with OK ('Selected State')
New selected state sent

Msg 13 : {'dt': '2018-03-18 10:20:19', 'peer': 6, 'globaleventid': 9686, 'sqldate': '20180318', 'ActionGeo_CountryCode': 'EN', 'AvgTone': -2.0}
AvgTone : -2.000000
queueSize : 13
lastValueInQueue : -2.000000
--- computeSelectedState ---
selectedStateValue : -2.000000
numPossibleStates : 9
selectedState : SensorState: stateID=3({x.1=-1.625})
new selectedState : SensorState: stateID=3({x.1=-1.625})
sending  'Selected State' message to peer...ok
waiting for response...ok
peer responded with OK ('Selected State')
New selected state sent

Msg 14 : {'dt': '2018-03-18 10:21:28', 'peer': 6, 'globaleventid': 9787, 'sqldate': '20180318', 'ActionGeo_CountryCode': 'EN', 'AvgTone': 4.0}
AvgTone : 4.000000
queueSize : 14
lastValueInQueue : 4.000000
--- computeSelectedState ---
selectedStateValue : 4.000000
numPossibleStates : 9
selectedState : SensorState: stateID=6({x.1=4.75})
new selectedState : SensorState: stateID=6({x.1=4.75})
sending  'Selected State' message to peer...ok
waiting for response...ok
peer responded with OK ('Selected State')
New selected state sent

Msg 15 : {'dt': '2018-03-18 10:22:36', 'peer': 6, 'globaleventid': 9888, 'sqldate': '20180318', 'ActionGeo_CountryCode': 'EN', 'AvgTone': 7.0}
AvgTone : 7.000000
queueSize : 15
lastValueInQueue : 7.000000
--- computeSelectedState ---
selectedStateValue : 7.000000
numPossibleStates : 9
selectedState : SensorState: stateID=7({x.1=6.875})
new selectedState : SensorState: stateID=7({x.1=6.875})
sending  'Selected State' message to peer...ok
waiting for response...ok
peer responded with OK ('Selected State')
New selected state sent

Msg 16 : {'dt': '2018-03-18 10:23:45', 'peer': 6, 'globaleventid': 9989, 'sqldate': '20180318', 'ActionGeo_CountryCode': 'EN', 'AvgTone': -3.0}
AvgTone : -3.000000
queueSize : 16
lastValueInQueue : -3.000000
--- computeSelectedState ---
selectedStateValue : -3.000000
numPossibleStates : 9
selectedState : SensorState: stateID=2({x.1=-3.75})
new selectedState : SensorState: stateID=2({x.1=-3.75})
sending  'Selected State' message to peer...ok
waiting for response...ok
peer responded with OK ('Selected State')
New selected state sent

Msg 17 : {'dt': '2018-03-18 10:24:53', 'peer': 6, 'globaleventid': 10090, 'sqldate': '20180318', 'ActionGeo_CountryCode': 'EN', 'AvgTone': -5.0}
AvgTone : -5.000000
queueSize : 17
lastValueInQueue : -5.000000
--- computeSelectedState ---
selectedStateValue : -5.000000
numPossibleStates : 9
selectedState : SensorState: stateID=1({x.1=-5.875})
new selectedState : SensorState: stateID=1({x.1=-5.875})
sending  'Selected State' message to peer...ok
waiting for response...ok
peer responded with OK ('Selected State')
New selected state sent

Msg 18 : {'dt': '2018-03-18 10:26:01', 'peer': 6, 'globaleventid': 10191, 'sqldate': '20180318', 'ActionGeo_CountryCode': 'EN', 'AvgTone': 7.0}
AvgTone : 7.000000
queueSize : 18
lastValueInQueue : 7.000000
--- computeSelectedState ---
selectedStateValue : 7.000000
numPossibleStates : 9
selectedState : SensorState: stateID=7({x.1=6.875})
new selectedState : SensorState: stateID=7({x.1=6.875})
sending  'Selected State' message to peer...ok
waiting for response...ok
peer responded with OK ('Selected State')
New selected state sent

Msg 19 : {'dt': '2018-03-18 10:27:10', 'peer': 6, 'globaleventid': 10292, 'sqldate': '20180318', 'ActionGeo_CountryCode': 'EN', 'AvgTone': -7.0}
AvgTone : -7.000000
queueSize : 19
lastValueInQueue : -7.000000
--- computeSelectedState ---
selectedStateValue : -7.000000
numPossibleStates : 9
selectedState : SensorState: stateID=0({x.1=-8.0})
new selectedState : SensorState: stateID=0({x.1=-8.0})
sending  'Selected State' message to peer...ok
waiting for response...ok
peer responded with OK ('Selected State')
New selected state sent

Msg 20 : {'dt': '2018-03-18 10:28:18', 'peer': 6, 'globaleventid': 10393, 'sqldate': '20180318', 'ActionGeo_CountryCode': 'EN', 'AvgTone': 10.0}
AvgTone : 10.000000
queueSize : 20
lastValueInQueue : 10.000000
--- computeSelectedState ---
selectedStateValue : 10.000000
numPossibleStates : 9
selectedState : SensorState: stateID=8({x.1=9.0})
new selectedState : SensorState: stateID=8({x.1=9.0})
sending  'Selected State' message to peer...ok
waiting for response...ok
peer responded with OK ('Selected State')
New selected state sent

Msg 21 : {'dt': '2018-03-18 10:29:27', 'peer': 6, 'globaleventid': 10494, 'sqldate': '20180318', 'ActionGeo_CountryCode': 'EN', 'AvgTone': 10.0}
AvgTone : 10.000000
queueSize : 21
lastValueInQueue : 10.000000
--- computeSelectedState ---
selectedStateValue : 10.000000
numPossibleStates : 9
selectedState : SensorState: stateID=8({x.1=9.0})
new selectedState : SensorState: stateID=8({x.1=9.0})
sending  'Selected State' message to peer...ok
waiting for response...ok
peer responded with OK ('Selected State')
New selected state sent

Msg 22 : {'dt': '2018-03-18 10:30:35', 'peer': 6, 'globaleventid': 10595, 'sqldate': '20180318', 'ActionGeo_CountryCode': 'EN', 'AvgTone': 3.0}
AvgTone : 3.000000
queueSize : 22
lastValueInQueue : 3.000000
--- computeSelectedState ---
selectedStateValue : 3.000000
numPossibleStates : 9
selectedState : SensorState: stateID=5({x.1=2.625})
new selectedState : SensorState: stateID=5({x.1=2.625})
sending  'Selected State' message to peer...ok
waiting for response...ok
peer responded with OK ('Selected State')
New selected state sent

Msg 23 : {'dt': '2018-03-18 10:31:43', 'peer': 6, 'globaleventid': 10696, 'sqldate': '20180318', 'ActionGeo_CountryCode': 'EN', 'AvgTone': -4.0}
AvgTone : -4.000000
queueSize : 23
lastValueInQueue : -4.000000
--- computeSelectedState ---
selectedStateValue : -4.000000
numPossibleStates : 9
selectedState : SensorState: stateID=2({x.1=-3.75})
new selectedState : SensorState: stateID=2({x.1=-3.75})
sending  'Selected State' message to peer...ok
waiting for response...ok
peer responded with OK ('Selected State')
New selected state sent

Msg 24 : {'dt': '2018-03-18 10:32:51', 'peer': 6, 'globaleventid': 10797, 'sqldate': '20180318', 'ActionGeo_CountryCode': 'EN', 'AvgTone': 8.0}
AvgTone : 8.000000
queueSize : 24
lastValueInQueue : 8.000000
--- computeSelectedState ---
selectedStateValue : 8.000000
numPossibleStates : 9
selectedState : SensorState: stateID=8({x.1=9.0})
new selectedState : SensorState: stateID=8({x.1=9.0})
sending  'Selected State' message to peer...ok
waiting for response...ok
peer responded with OK ('Selected State')
New selected state sent

Msg 25 : {'dt': '2018-03-18 10:33:59', 'peer': 6, 'globaleventid': 10898, 'sqldate': '20180318', 'ActionGeo_CountryCode': 'EN', 'AvgTone': -4.0}
AvgTone : -4.000000
queueSize : 25
lastValueInQueue : -4.000000
--- computeSelectedState ---
selectedStateValue : -4.000000
numPossibleStates : 9
selectedState : SensorState: stateID=2({x.1=-3.75})
new selectedState : SensorState: stateID=2({x.1=-3.75})
sending  'Selected State' message to peer...ok
waiting for response...ok
peer responded with OK ('Selected State')
New selected state sent

Msg 26 : {'dt': '2018-03-18 10:35:07', 'peer': 6, 'globaleventid': 10999, 'sqldate': '20180318', 'ActionGeo_CountryCode': 'EN', 'AvgTone': -8.0}
AvgTone : -8.000000
queueSize : 26
lastValueInQueue : -8.000000
--- computeSelectedState ---
selectedStateValue : -8.000000
numPossibleStates : 9
selectedState : SensorState: stateID=0({x.1=-8.0})
new selectedState : SensorState: stateID=0({x.1=-8.0})
sending  'Selected State' message to peer...ok
waiting for response...ok
peer responded with OK ('Selected State')
New selected state sent

Msg 27 : {'dt': '2018-03-18 10:36:16', 'peer': 6, 'globaleventid': 11100, 'sqldate': '20180318', 'ActionGeo_CountryCode': 'EN', 'AvgTone': -2.0}
AvgTone : -2.000000
queueSize : 27
lastValueInQueue : -2.000000
computing updated possible states, queue size : 27
--- computePossibleStates ---
min : -10.000000
max : 10.000000
--- convertStates ---
numberPossibleStates : 9
updated possibleStates : [SensorState: stateID=0({x.1=-10.0}), SensorState: stateID=1({x.1=-7.5}), SensorState: stateID=2({x.1=-5.0}), SensorState: stateID=3({x.1=-2.5}), SensorState: stateID=4({x.1=0.0}), SensorState: stateID=5({x.1=2.5}), SensorState: stateID=6({x.1=5.0}), SensorState: stateID=7({x.1=7.5}), SensorState: stateID=8({x.1=10.0})]
--- computeSelectedState ---
selectedStateValue : -2.000000
numPossibleStates : 9
selectedState : SensorState: stateID=3({x.1=-2.5})
updated selectedState : SensorState: stateID=3({x.1=-2.5})
sending  'Possible States' message to peer...ok
waiting for response...ok
peer responded with OK ('Possible States')
Possible states sent
sending  'Selected State' message to peer...ok
waiting for response...ok
peer responded with OK ('Selected State')
updated selected state sent
Data queue cleared

Msg 28 : {'dt': '2018-03-18 10:37:24', 'peer': 6, 'globaleventid': 11201, 'sqldate': '20180318', 'ActionGeo_CountryCode': 'EN', 'AvgTone': 0.0}
AvgTone : 0.000000
queueSize : 1
lastValueInQueue : 0.000000
--- computeSelectedState ---
selectedStateValue : 0.000000
numPossibleStates : 9
selectedState : SensorState: stateID=4({x.1=0.0})
new selectedState : SensorState: stateID=4({x.1=0.0})
sending  'Selected State' message to peer...ok
waiting for response...ok
peer responded with OK ('Selected State')
New selected state sent

Msg 29 : {'dt': '2018-03-18 10:38:32', 'peer': 6, 'globaleventid': 11302, 'sqldate': '20180318', 'ActionGeo_CountryCode': 'EN', 'AvgTone': 8.0}
AvgTone : 8.000000
queueSize : 2
lastValueInQueue : 8.000000
--- computeSelectedState ---
selectedStateValue : 8.000000
numPossibleStates : 9
selectedState : SensorState: stateID=7({x.1=7.5})
new selectedState : SensorState: stateID=7({x.1=7.5})
sending  'Selected State' message to peer...ok
waiting for response...ok
peer responded with OK ('Selected State')
New selected state sent

Msg 30 : {'dt': '2018-03-18 10:39:40', 'peer': 6, 'globaleventid': 11403, 'sqldate': '20180318', 'ActionGeo_CountryCode': 'EN', 'AvgTone': -9.0}
AvgTone : -9.000000
queueSize : 3
lastValueInQueue : -9.000000
--- computeSelectedState ---
selectedStateValue : -9.000000
numPossibleStates : 9
selectedState : SensorState: stateID=0({x.1=-10.0})
new selectedState : SensorState: stateID=0({x.1=-10.0})
sending  'Selected State' message to peer...ok
waiting for response...ok
peer responded with OK ('Selected State')
New selected state sent

Msg 31 : {'dt': '2018-03-18 10:40:48', 'peer': 6, 'globaleventid': 11504, 'sqldate': '20180318', 'ActionGeo_CountryCode': 'EN', 'AvgTone': 0.0}
AvgTone : 0.000000
queueSize : 4
lastValueInQueue : 0.000000
--- computeSelectedState ---
selectedStateValue : 0.000000
numPossibleStates : 9
selectedState : SensorState: stateID=4({x.1=0.0})
new selectedState : SensorState: stateID=4({x.1=0.0})
sending  'Selected State' message to peer...ok
waiting for response...ok
peer responded with OK ('Selected State')
New selected state sent

Msg 32 : {'dt': '2018-03-18 10:41:57', 'peer': 6, 'globaleventid': 11605, 'sqldate': '20180318', 'ActionGeo_CountryCode': 'EN', 'AvgTone': 10.0}
AvgTone : 10.000000
queueSize : 5
lastValueInQueue : 10.000000
--- computeSelectedState ---
selectedStateValue : 10.000000
numPossibleStates : 9
selectedState : SensorState: stateID=8({x.1=10.0})
new selectedState : SensorState: stateID=8({x.1=10.0})
sending  'Selected State' message to peer...ok
waiting for response...ok
peer responded with OK ('Selected State')
New selected state sent

Msg 33 : {'dt': '2018-03-18 10:43:05', 'peer': 6, 'globaleventid': 11706, 'sqldate': '20180318', 'ActionGeo_CountryCode': 'EN', 'AvgTone': -1.0}
AvgTone : -1.000000
queueSize : 6
lastValueInQueue : -1.000000
--- computeSelectedState ---
selectedStateValue : -1.000000
numPossibleStates : 9
selectedState : SensorState: stateID=4({x.1=0.0})
new selectedState : SensorState: stateID=4({x.1=0.0})
sending  'Selected State' message to peer...ok
waiting for response...ok
peer responded with OK ('Selected State')
New selected state sent

Msg 34 : {'dt': '2018-03-18 10:44:13', 'peer': 6, 'globaleventid': 11807, 'sqldate': '20180318', 'ActionGeo_CountryCode': 'EN', 'AvgTone': 8.0}
AvgTone : 8.000000
queueSize : 7
lastValueInQueue : 8.000000
--- computeSelectedState ---
selectedStateValue : 8.000000
numPossibleStates : 9
selectedState : SensorState: stateID=7({x.1=7.5})
new selectedState : SensorState: stateID=7({x.1=7.5})
sending  'Selected State' message to peer...ok
waiting for response...ok
peer responded with OK ('Selected State')
New selected state sent

Msg 35 : {'dt': '2018-03-18 10:45:21', 'peer': 6, 'globaleventid': 11908, 'sqldate': '20180318', 'ActionGeo_CountryCode': 'EN', 'AvgTone': 8.0}
AvgTone : 8.000000
queueSize : 8
lastValueInQueue : 8.000000
--- computeSelectedState ---
selectedStateValue : 8.000000
numPossibleStates : 9
selectedState : SensorState: stateID=7({x.1=7.5})
new selectedState : SensorState: stateID=7({x.1=7.5})
sending  'Selected State' message to peer...ok
waiting for response...ok
peer responded with OK ('Selected State')
New selected state sent

Msg 36 : {'dt': '2018-03-18 10:46:29', 'peer': 6, 'globaleventid': 12009, 'sqldate': '20180318', 'ActionGeo_CountryCode': 'EN', 'AvgTone': 4.0}
AvgTone : 4.000000
queueSize : 9
lastValueInQueue : 4.000000
--- computeSelectedState ---
selectedStateValue : 4.000000
numPossibleStates : 9
selectedState : SensorState: stateID=6({x.1=5.0})
new selectedState : SensorState: stateID=6({x.1=5.0})
sending  'Selected State' message to peer...ok
waiting for response...ok
peer responded with OK ('Selected State')
New selected state sent

Msg 37 : {'dt': '2018-03-18 10:47:37', 'peer': 6, 'globaleventid': 12110, 'sqldate': '20180318', 'ActionGeo_CountryCode': 'EN', 'AvgTone': 1.0}
AvgTone : 1.000000
queueSize : 10
lastValueInQueue : 1.000000
--- computeSelectedState ---
selectedStateValue : 1.000000
numPossibleStates : 9
selectedState : SensorState: stateID=4({x.1=0.0})
new selectedState : SensorState: stateID=4({x.1=0.0})
sending  'Selected State' message to peer...ok
waiting for response...ok
peer responded with OK ('Selected State')
New selected state sent

Msg 38 : {'dt': '2018-03-18 10:48:45', 'peer': 6, 'globaleventid': 12211, 'sqldate': '20180318', 'ActionGeo_CountryCode': 'EN', 'AvgTone': 1.0}
AvgTone : 1.000000
queueSize : 11
lastValueInQueue : 1.000000
--- computeSelectedState ---
selectedStateValue : 1.000000
numPossibleStates : 9
selectedState : SensorState: stateID=4({x.1=0.0})
new selectedState : SensorState: stateID=4({x.1=0.0})
sending  'Selected State' message to peer...ok
waiting for response...ok
peer responded with OK ('Selected State')
New selected state sent

Msg 39 : {'dt': '2018-03-18 10:49:53', 'peer': 6, 'globaleventid': 12312, 'sqldate': '20180318', 'ActionGeo_CountryCode': 'EN', 'AvgTone': 5.0}
AvgTone : 5.000000
queueSize : 12
lastValueInQueue : 5.000000
--- computeSelectedState ---
selectedStateValue : 5.000000
numPossibleStates : 9
selectedState : SensorState: stateID=6({x.1=5.0})
new selectedState : SensorState: stateID=6({x.1=5.0})
sending  'Selected State' message to peer...ok
waiting for response...ok
peer responded with OK ('Selected State')
New selected state sent

Msg 40 : {'dt': '2018-03-18 10:51:02', 'peer': 6, 'globaleventid': 12413, 'sqldate': '20180318', 'ActionGeo_CountryCode': 'EN', 'AvgTone': 6.0}
AvgTone : 6.000000
queueSize : 13
lastValueInQueue : 6.000000
--- computeSelectedState ---
selectedStateValue : 6.000000
numPossibleStates : 9
selectedState : SensorState: stateID=6({x.1=5.0})
new selectedState : SensorState: stateID=6({x.1=5.0})
sending  'Selected State' message to peer...ok
waiting for response...ok
peer responded with OK ('Selected State')
New selected state sent

Msg 41 : {'dt': '2018-03-18 10:52:10', 'peer': 6, 'globaleventid': 12514, 'sqldate': '20180318', 'ActionGeo_CountryCode': 'EN', 'AvgTone': -2.0}
AvgTone : -2.000000
queueSize : 14
lastValueInQueue : -2.000000
--- computeSelectedState ---
selectedStateValue : -2.000000
numPossibleStates : 9
selectedState : SensorState: stateID=3({x.1=-2.5})
new selectedState : SensorState: stateID=3({x.1=-2.5})
sending  'Selected State' message to peer...ok
waiting for response...ok
peer responded with OK ('Selected State')
New selected state sent

Msg 42 : {'dt': '2018-03-18 10:53:17', 'peer': 6, 'globaleventid': 12615, 'sqldate': '20180318', 'ActionGeo_CountryCode': 'EN', 'AvgTone': -8.0}
AvgTone : -8.000000
queueSize : 15
lastValueInQueue : -8.000000
--- computeSelectedState ---
selectedStateValue : -8.000000
numPossibleStates : 9
selectedState : SensorState: stateID=1({x.1=-7.5})
new selectedState : SensorState: stateID=1({x.1=-7.5})
sending  'Selected State' message to peer...ok
waiting for response...ok
peer responded with OK ('Selected State')
New selected state sent

Msg 43 : {'dt': '2018-03-18 10:54:25', 'peer': 6, 'globaleventid': 12716, 'sqldate': '20180318', 'ActionGeo_CountryCode': 'EN', 'AvgTone': 4.0}
AvgTone : 4.000000
queueSize : 16
lastValueInQueue : 4.000000
--- computeSelectedState ---
selectedStateValue : 4.000000
numPossibleStates : 9
selectedState : SensorState: stateID=6({x.1=5.0})
new selectedState : SensorState: stateID=6({x.1=5.0})
sending  'Selected State' message to peer...ok
waiting for response...ok
peer responded with OK ('Selected State')
New selected state sent

Msg 44 : {'dt': '2018-03-18 10:55:32', 'peer': 6, 'globaleventid': 12817, 'sqldate': '20180318', 'ActionGeo_CountryCode': 'EN', 'AvgTone': -5.0}
AvgTone : -5.000000
queueSize : 17
lastValueInQueue : -5.000000
--- computeSelectedState ---
selectedStateValue : -5.000000
numPossibleStates : 9
selectedState : SensorState: stateID=2({x.1=-5.0})
new selectedState : SensorState: stateID=2({x.1=-5.0})
sending  'Selected State' message to peer...ok
waiting for response...ok
peer responded with OK ('Selected State')
New selected state sent

Msg 45 : {'dt': '2018-03-18 10:56:41', 'peer': 6, 'globaleventid': 12918, 'sqldate': '20180318', 'ActionGeo_CountryCode': 'EN', 'AvgTone': -4.0}
AvgTone : -4.000000
queueSize : 18
lastValueInQueue : -4.000000
--- computeSelectedState ---
selectedStateValue : -4.000000
numPossibleStates : 9
selectedState : SensorState: stateID=2({x.1=-5.0})
new selectedState : SensorState: stateID=2({x.1=-5.0})
sending  'Selected State' message to peer...ok
waiting for response...ok
peer responded with OK ('Selected State')
New selected state sent

Msg 46 : {'dt': '2018-03-18 10:57:48', 'peer': 6, 'globaleventid': 13019, 'sqldate': '20180318', 'ActionGeo_CountryCode': 'EN', 'AvgTone': 6.0}
AvgTone : 6.000000
queueSize : 19
lastValueInQueue : 6.000000
--- computeSelectedState ---
selectedStateValue : 6.000000
numPossibleStates : 9
selectedState : SensorState: stateID=6({x.1=5.0})
new selectedState : SensorState: stateID=6({x.1=5.0})
sending  'Selected State' message to peer...ok
waiting for response...ok
peer responded with OK ('Selected State')
New selected state sent

Msg 47 : {'dt': '2018-03-18 10:58:56', 'peer': 6, 'globaleventid': 13120, 'sqldate': '20180318', 'ActionGeo_CountryCode': 'EN', 'AvgTone': -6.0}
AvgTone : -6.000000
queueSize : 20
lastValueInQueue : -6.000000
--- computeSelectedState ---
selectedStateValue : -6.000000
numPossibleStates : 9
selectedState : SensorState: stateID=2({x.1=-5.0})
new selectedState : SensorState: stateID=2({x.1=-5.0})
sending  'Selected State' message to peer...ok
waiting for response...ok
peer responded with OK ('Selected State')
New selected state sent

Msg 48 : {'dt': '2018-03-18 11:00:04', 'peer': 6, 'globaleventid': 13221, 'sqldate': '20180318', 'ActionGeo_CountryCode': 'EN', 'AvgTone': 5.0}
AvgTone : 5.000000
queueSize : 21
lastValueInQueue : 5.000000
--- computeSelectedState ---
selectedStateValue : 5.000000
numPossibleStates : 9
selectedState : SensorState: stateID=6({x.1=5.0})
new selectedState : SensorState: stateID=6({x.1=5.0})
sending  'Selected State' message to peer...ok
waiting for response...ok
peer responded with OK ('Selected State')
New selected state sent

Msg 49 : {'dt': '2018-03-18 11:01:12', 'peer': 6, 'globaleventid': 13322, 'sqldate': '20180318', 'ActionGeo_CountryCode': 'EN', 'AvgTone': -7.0}
AvgTone : -7.000000
queueSize : 22
lastValueInQueue : -7.000000
--- computeSelectedState ---
selectedStateValue : -7.000000
numPossibleStates : 9
selectedState : SensorState: stateID=1({x.1=-7.5})
new selectedState : SensorState: stateID=1({x.1=-7.5})
sending  'Selected State' message to peer...ok
waiting for response...ok
peer responded with OK ('Selected State')
New selected state sent

Msg 50 : {'dt': '2018-03-18 11:02:21', 'peer': 6, 'globaleventid': 13423, 'sqldate': '20180318', 'ActionGeo_CountryCode': 'EN', 'AvgTone': 8.0}
AvgTone : 8.000000
queueSize : 23
lastValueInQueue : 8.000000
--- computeSelectedState ---
selectedStateValue : 8.000000
numPossibleStates : 9
selectedState : SensorState: stateID=7({x.1=7.5})
new selectedState : SensorState: stateID=7({x.1=7.5})
sending  'Selected State' message to peer...ok
waiting for response...ok
peer responded with OK ('Selected State')
New selected state sent

Msg 51 : {'dt': '2018-03-18 11:03:28', 'peer': 6, 'globaleventid': 13524, 'sqldate': '20180318', 'ActionGeo_CountryCode': 'EN', 'AvgTone': -5.0}
AvgTone : -5.000000
queueSize : 24
lastValueInQueue : -5.000000
--- computeSelectedState ---
selectedStateValue : -5.000000
numPossibleStates : 9
selectedState : SensorState: stateID=2({x.1=-5.0})
new selectedState : SensorState: stateID=2({x.1=-5.0})
sending  'Selected State' message to peer...ok
waiting for response...ok
peer responded with OK ('Selected State')
New selected state sent

Msg 52 : {'dt': '2018-03-18 11:04:36', 'peer': 6, 'globaleventid': 13625, 'sqldate': '20180318', 'ActionGeo_CountryCode': 'EN', 'AvgTone': 3.0}
AvgTone : 3.000000
queueSize : 25
lastValueInQueue : 3.000000
--- computeSelectedState ---
selectedStateValue : 3.000000
numPossibleStates : 9
selectedState : SensorState: stateID=5({x.1=2.5})
new selectedState : SensorState: stateID=5({x.1=2.5})
sending  'Selected State' message to peer...ok
waiting for response...ok
peer responded with OK ('Selected State')
New selected state sent

Msg 53 : {'dt': '2018-03-18 11:05:43', 'peer': 6, 'globaleventid': 13726, 'sqldate': '20180318', 'ActionGeo_CountryCode': 'EN', 'AvgTone': 7.0}
AvgTone : 7.000000
queueSize : 26
lastValueInQueue : 7.000000
--- computeSelectedState ---
selectedStateValue : 7.000000
numPossibleStates : 9
selectedState : SensorState: stateID=7({x.1=7.5})
new selectedState : SensorState: stateID=7({x.1=7.5})
sending  'Selected State' message to peer...ok
waiting for response...ok
peer responded with OK ('Selected State')
New selected state sent

Msg 54 : {'dt': '2018-03-18 11:06:51', 'peer': 6, 'globaleventid': 13827, 'sqldate': '20180318', 'ActionGeo_CountryCode': 'EN', 'AvgTone': -10.0}
AvgTone : -10.000000
queueSize : 27
lastValueInQueue : -10.000000
computing updated possible states, queue size : 27
--- computePossibleStates ---
min : -10.000000
max : 10.000000
--- convertStates ---
numberPossibleStates : 9
updated possibleStates : [SensorState: stateID=0({x.1=-10.0}), SensorState: stateID=1({x.1=-7.5}), SensorState: stateID=2({x.1=-5.0}), SensorState: stateID=3({x.1=-2.5}), SensorState: stateID=4({x.1=0.0}), SensorState: stateID=5({x.1=2.5}), SensorState: stateID=6({x.1=5.0}), SensorState: stateID=7({x.1=7.5}), SensorState: stateID=8({x.1=10.0})]
--- computeSelectedState ---
selectedStateValue : -10.000000
numPossibleStates : 9
selectedState : SensorState: stateID=0({x.1=-10.0})
updated selectedState : SensorState: stateID=0({x.1=-10.0})
sending  'Possible States' message to peer...ok
waiting for response...ok
peer responded with OK ('Possible States')
Possible states sent
sending  'Selected State' message to peer...ok
waiting for response...ok
peer responded with OK ('Selected State')
updated selected state sent
Data queue cleared

Msg 55 : {'dt': '2018-03-18 11:07:58', 'peer': 6, 'globaleventid': 13928, 'sqldate': '20180318', 'ActionGeo_CountryCode': 'EN', 'AvgTone': -3.0}
AvgTone : -3.000000
queueSize : 1
lastValueInQueue : -3.000000
--- computeSelectedState ---
selectedStateValue : -3.000000
numPossibleStates : 9
selectedState : SensorState: stateID=3({x.1=-2.5})
new selectedState : SensorState: stateID=3({x.1=-2.5})
sending  'Selected State' message to peer...ok
waiting for response...ok
peer responded with OK ('Selected State')
New selected state sent

Msg 56 : {'dt': '2018-03-18 11:09:06', 'peer': 6, 'globaleventid': 14029, 'sqldate': '20180318', 'ActionGeo_CountryCode': 'EN', 'AvgTone': -7.0}
AvgTone : -7.000000
queueSize : 2
lastValueInQueue : -7.000000
--- computeSelectedState ---
selectedStateValue : -7.000000
numPossibleStates : 9
selectedState : SensorState: stateID=1({x.1=-7.5})
new selectedState : SensorState: stateID=1({x.1=-7.5})
sending  'Selected State' message to peer...ok
waiting for response...ok
peer responded with OK ('Selected State')
New selected state sent

Msg 57 : {'dt': '2018-03-18 11:10:14', 'peer': 6, 'globaleventid': 14130, 'sqldate': '20180318', 'ActionGeo_CountryCode': 'EN', 'AvgTone': -4.0}
AvgTone : -4.000000
queueSize : 3
lastValueInQueue : -4.000000
--- computeSelectedState ---
selectedStateValue : -4.000000
numPossibleStates : 9
selectedState : SensorState: stateID=2({x.1=-5.0})
new selectedState : SensorState: stateID=2({x.1=-5.0})
sending  'Selected State' message to peer...ok
waiting for response...ok
peer responded with OK ('Selected State')
New selected state sent

Msg 58 : {'dt': '2018-03-18 11:11:22', 'peer': 6, 'globaleventid': 14231, 'sqldate': '20180318', 'ActionGeo_CountryCode': 'EN', 'AvgTone': 2.0}
AvgTone : 2.000000
queueSize : 4
lastValueInQueue : 2.000000
--- computeSelectedState ---
selectedStateValue : 2.000000
numPossibleStates : 9
selectedState : SensorState: stateID=5({x.1=2.5})
new selectedState : SensorState: stateID=5({x.1=2.5})
sending  'Selected State' message to peer...ok
waiting for response...ok
peer responded with OK ('Selected State')
New selected state sent

Msg 59 : {'dt': '2018-03-18 11:12:30', 'peer': 6, 'globaleventid': 14332, 'sqldate': '20180318', 'ActionGeo_CountryCode': 'EN', 'AvgTone': 8.0}
AvgTone : 8.000000
queueSize : 5
lastValueInQueue : 8.000000
--- computeSelectedState ---
selectedStateValue : 8.000000
numPossibleStates : 9
selectedState : SensorState: stateID=7({x.1=7.5})
new selectedState : SensorState: stateID=7({x.1=7.5})
sending  'Selected State' message to peer...ok
waiting for response...ok
peer responded with OK ('Selected State')
New selected state sent

Msg 60 : {'dt': '2018-03-18 11:13:38', 'peer': 6, 'globaleventid': 14433, 'sqldate': '20180318', 'ActionGeo_CountryCode': 'EN', 'AvgTone': 4.0}
AvgTone : 4.000000
queueSize : 6
lastValueInQueue : 4.000000
--- computeSelectedState ---
selectedStateValue : 4.000000
numPossibleStates : 9
selectedState : SensorState: stateID=6({x.1=5.0})
new selectedState : SensorState: stateID=6({x.1=5.0})
sending  'Selected State' message to peer...ok
waiting for response...ok
peer responded with OK ('Selected State')
New selected state sent

Msg 61 : {'dt': '2018-03-18 11:14:46', 'peer': 6, 'globaleventid': 14534, 'sqldate': '20180318', 'ActionGeo_CountryCode': 'EN', 'AvgTone': -8.0}
AvgTone : -8.000000
queueSize : 7
lastValueInQueue : -8.000000
--- computeSelectedState ---
selectedStateValue : -8.000000
numPossibleStates : 9
selectedState : SensorState: stateID=1({x.1=-7.5})
new selectedState : SensorState: stateID=1({x.1=-7.5})
sending  'Selected State' message to peer...ok
waiting for response...ok
peer responded with OK ('Selected State')
New selected state sent

Msg 62 : {'dt': '2018-03-18 11:15:53', 'peer': 6, 'globaleventid': 14635, 'sqldate': '20180318', 'ActionGeo_CountryCode': 'EN', 'AvgTone': -8.0}
AvgTone : -8.000000
queueSize : 8
lastValueInQueue : -8.000000
--- computeSelectedState ---
selectedStateValue : -8.000000
numPossibleStates : 9
selectedState : SensorState: stateID=1({x.1=-7.5})
new selectedState : SensorState: stateID=1({x.1=-7.5})
sending  'Selected State' message to peer...ok
waiting for response...ok
peer responded with OK ('Selected State')
New selected state sent

Msg 63 : {'dt': '2018-03-18 11:17:01', 'peer': 6, 'globaleventid': 14736, 'sqldate': '20180318', 'ActionGeo_CountryCode': 'EN', 'AvgTone': 3.0}
AvgTone : 3.000000
queueSize : 9
lastValueInQueue : 3.000000
--- computeSelectedState ---
selectedStateValue : 3.000000
numPossibleStates : 9
selectedState : SensorState: stateID=5({x.1=2.5})
new selectedState : SensorState: stateID=5({x.1=2.5})
sending  'Selected State' message to peer...ok
waiting for response...ok
peer responded with OK ('Selected State')
New selected state sent

Msg 64 : {'dt': '2018-03-18 11:18:08', 'peer': 6, 'globaleventid': 14837, 'sqldate': '20180318', 'ActionGeo_CountryCode': 'EN', 'AvgTone': -6.0}
AvgTone : -6.000000
queueSize : 10
lastValueInQueue : -6.000000
--- computeSelectedState ---
selectedStateValue : -6.000000
numPossibleStates : 9
selectedState : SensorState: stateID=2({x.1=-5.0})
new selectedState : SensorState: stateID=2({x.1=-5.0})
sending  'Selected State' message to peer...ok
waiting for response...ok
peer responded with OK ('Selected State')
New selected state sent

Msg 65 : {'dt': '2018-03-18 11:19:16', 'peer': 6, 'globaleventid': 14938, 'sqldate': '20180318', 'ActionGeo_CountryCode': 'EN', 'AvgTone': 0.0}
AvgTone : 0.000000
queueSize : 11
lastValueInQueue : 0.000000
--- computeSelectedState ---
selectedStateValue : 0.000000
numPossibleStates : 9
selectedState : SensorState: stateID=4({x.1=0.0})
new selectedState : SensorState: stateID=4({x.1=0.0})
sending  'Selected State' message to peer...ok
waiting for response...ok
peer responded with OK ('Selected State')
New selected state sent

Msg 66 : {'dt': '2018-03-18 11:20:23', 'peer': 6, 'globaleventid': 15039, 'sqldate': '20180318', 'ActionGeo_CountryCode': 'EN', 'AvgTone': 4.0}
AvgTone : 4.000000
queueSize : 12
lastValueInQueue : 4.000000
--- computeSelectedState ---
selectedStateValue : 4.000000
numPossibleStates : 9
selectedState : SensorState: stateID=6({x.1=5.0})
new selectedState : SensorState: stateID=6({x.1=5.0})
sending  'Selected State' message to peer...ok
waiting for response...ok
peer responded with OK ('Selected State')
New selected state sent
